Add component: Footprint Not Found HPM6754IVM2_BGA-289_14x14mm
Add component: Footprint Not Found RES: 0402
Add component: Footprint Not Found RES: 0402
Add component: Footprint Not Found RES: 0402
Add component: Footprint Not Found RES: 0402
Add component: Footprint Not Found RES: 0402
Add component: Footprint Not Found RES: 0402
Add component: Footprint Not Found RES: 0402
Add component: Footprint Not Found RES: 0402
Add component: Footprint Not Found RES: 0402
Add component: Footprint Not Found RES: 0402
Add component: Footprint Not Found RES: 0402
Add component: Footprint Not Found RES: 0402
Add component: Footprint Not Found RES: 0402
Add component: Footprint Not Found RES: 0402
Add component: Footprint Not Found RES: 0402
Add component: Footprint Not Found RES: 0805
Add component: Footprint Not Found RES: 0805
Add component: Footprint Not Found RES: 0805
Add component: Footprint Not Found RES: 0402
Add component: Footprint Not Found RES: 0805
Add component: Footprint Not Found RES: 0402
Add component: Footprint Not Found RES: 0402
Add component: Footprint Not Found RES: 0402
Add component: Footprint Not Found RES: 0402
Add component: Footprint Not Found RES: 0402
Add component: Footprint Not Found RES: 0402
Add component: Footprint Not Found RES: 0805
Add component: Footprint Not Found RES: 0402
Add component: Footprint Not Found RES: 0402
Add component: Footprint Not Found RES: 0402
Add component: Footprint Not Found RES: 0402
Add component: Footprint Not Found RES: 0402
Add component: Footprint Not Found RES: 0402
Add component: Footprint Not Found RES: 0402
Add component: Footprint Not Found RES: 0402
Add component: Footprint Not Found RES: 0402
Add component: Footprint Not Found RES: 0402
Add component: Footprint Not Found RES: 0402
Add component: Footprint Not Found RES: 0402
Add component: Footprint Not Found RES: 0402
Add component: Footprint Not Found RES: 0402
Add component: Footprint Not Found RES: 0402
Add component: Footprint Not Found RES: 0402
Add component: Footprint Not Found RES: 0402
Add component: Footprint Not Found RES: 0402
Add component: Footprint Not Found RES: 0402
Add component: Footprint Not Found RES: 0402
Add component: Footprint Not Found RES: 0402
Add component: Footprint Not Found RES: 0402
Add component: Footprint Not Found RES: 0402
Add component: Footprint Not Found RES: 0402
Add component: Footprint Not Found RES: 0402
Add component: Footprint Not Found RES: 0402
Add component: Footprint Not Found RES: 0402
Add component: Footprint Not Found RES: 0402
Add component: Footprint Not Found RES: 0402
Add component: Footprint Not Found RES: 0402
Add component: Footprint Not Found RES: 0402
Add component: Footprint Not Found RES: 0402
Add component: Footprint Not Found RES: 0402
Add component: Footprint Not Found RES: 0402
Add component: Footprint Not Found RES: 0402
Add component: Footprint Not Found RES: 0402
Add component: Footprint Not Found RES: 0402
Add component: Footprint Not Found RES: 0402
Add component: Footprint Not Found RES: 0402
Add component: Footprint Not Found RES: 0402
Add component: Footprint Not Found RES: 0402
Add component: Footprint Not Found RES: 0402
Add component: Footprint Not Found RES: 0402
Add component: Footprint Not Found RES: 0402
Add Pin To Net: Unknown Pin: Pin D4-A1
Add Pin To Net: Unknown Pin: Pin D4-A2
Add Pin To Net: Unknown Pin: Pin D4-A3
Add Pin To Net: Unknown Pin: Pin D4-A4
Add Pin To Net: Unknown Pin: Pin D4-A5
Add Pin To Net: Unknown Pin: Pin D4-A6
Add Pin To Net: Unknown Pin: Pin D4-A13
Add Pin To Net: Unknown Pin: Pin D4-A17
Add Pin To Net: Unknown Pin: Pin D4-B1
Add Pin To Net: Unknown Pin: Pin D4-B2
Add Pin To Net: Unknown Pin: Pin D4-B3
Add Pin To Net: Unknown Pin: Pin D4-B4
Add Pin To Net: Unknown Pin: Pin D4-B5
Add Pin To Net: Unknown Pin: Pin D4-B6
Add Pin To Net: Unknown Pin: Pin D4-B13
Add Pin To Net: Unknown Pin: Pin D4-C1
Add Pin To Net: Unknown Pin: Pin D4-C2
Add Pin To Net: Unknown Pin: Pin D4-C3
Add Pin To Net: Unknown Pin: Pin D4-C5
Add Pin To Net: Unknown Pin: Pin D4-C6
Add Pin To Net: Unknown Pin: Pin D4-C7
Add Pin To Net: Unknown Pin: Pin D4-C11
Add Pin To Net: Unknown Pin: Pin D4-C13
Add Pin To Net: Unknown Pin: Pin D4-C14
Add Pin To Net: Unknown Pin: Pin D4-C15
Add Pin To Net: Unknown Pin: Pin D4-D1
Add Pin To Net: Unknown Pin: Pin D4-D2
Add Pin To Net: Unknown Pin: Pin D4-D3
Add Pin To Net: Unknown Pin: Pin D4-D4
Add Pin To Net: Unknown Pin: Pin D4-D6
Add Pin To Net: Unknown Pin: Pin D4-D13
Add Pin To Net: Unknown Pin: Pin D4-D14
Add Pin To Net: Unknown Pin: Pin D4-D15
Add Pin To Net: Unknown Pin: Pin D4-D16
Add Pin To Net: Unknown Pin: Pin D4-D17
Add Pin To Net: Unknown Pin: Pin D4-E1
Add Pin To Net: Unknown Pin: Pin D4-E2
Add Pin To Net: Unknown Pin: Pin D4-E3
Add Pin To Net: Unknown Pin: Pin D4-E4
Add Pin To Net: Unknown Pin: Pin D4-E6
Add Pin To Net: Unknown Pin: Pin D4-E13
Add Pin To Net: Unknown Pin: Pin D4-E14
Add Pin To Net: Unknown Pin: Pin D4-E15
Add Pin To Net: Unknown Pin: Pin D4-E16
Add Pin To Net: Unknown Pin: Pin D4-E17
Add Pin To Net: Unknown Pin: Pin D4-F1
Add Pin To Net: Unknown Pin: Pin D4-F2
Add Pin To Net: Unknown Pin: Pin D4-F3
Add Pin To Net: Unknown Pin: Pin D4-F4
Add Pin To Net: Unknown Pin: Pin D4-F5
Add Pin To Net: Unknown Pin: Pin D4-F6
Add Pin To Net: Unknown Pin: Pin D4-F7
Add Pin To Net: Unknown Pin: Pin D4-F8
Add Pin To Net: Unknown Pin: Pin D4-F9
Add Pin To Net: Unknown Pin: Pin D4-F10
Add Pin To Net: Unknown Pin: Pin D4-F11
Add Pin To Net: Unknown Pin: Pin D4-F12
Add Pin To Net: Unknown Pin: Pin D4-F13
Add Pin To Net: Unknown Pin: Pin D4-F14
Add Pin To Net: Unknown Pin: Pin D4-F15
Add Pin To Net: Unknown Pin: Pin D4-F16
Add Pin To Net: Unknown Pin: Pin D4-F17
Add Pin To Net: Unknown Pin: Pin D4-G1
Add Pin To Net: Unknown Pin: Pin D4-G2
Add Pin To Net: Unknown Pin: Pin D4-G3
Add Pin To Net: Unknown Pin: Pin D4-G4
Add Pin To Net: Unknown Pin: Pin D4-G6
Add Pin To Net: Unknown Pin: Pin D4-G7
Add Pin To Net: Unknown Pin: Pin D4-G8
Add Pin To Net: Unknown Pin: Pin D4-G9
Add Pin To Net: Unknown Pin: Pin D4-G10
Add Pin To Net: Unknown Pin: Pin D4-G11
Add Pin To Net: Unknown Pin: Pin D4-G12
Add Pin To Net: Unknown Pin: Pin D4-G15
Add Pin To Net: Unknown Pin: Pin D4-H1
Add Pin To Net: Unknown Pin: Pin D4-H2
Add Pin To Net: Unknown Pin: Pin D4-H6
Add Pin To Net: Unknown Pin: Pin D4-H7
Add Pin To Net: Unknown Pin: Pin D4-H8
Add Pin To Net: Unknown Pin: Pin D4-H9
Add Pin To Net: Unknown Pin: Pin D4-H10
Add Pin To Net: Unknown Pin: Pin D4-H11
Add Pin To Net: Unknown Pin: Pin D4-H12
Add Pin To Net: Unknown Pin: Pin D4-J3
Add Pin To Net: Unknown Pin: Pin D4-J5
Add Pin To Net: Unknown Pin: Pin D4-J6
Add Pin To Net: Unknown Pin: Pin D4-J7
Add Pin To Net: Unknown Pin: Pin D4-J8
Add Pin To Net: Unknown Pin: Pin D4-J9
Add Pin To Net: Unknown Pin: Pin D4-J10
Add Pin To Net: Unknown Pin: Pin D4-J11
Add Pin To Net: Unknown Pin: Pin D4-J12
Add Pin To Net: Unknown Pin: Pin D4-K3
Add Pin To Net: Unknown Pin: Pin D4-K5
Add Pin To Net: Unknown Pin: Pin D4-K6
Add Pin To Net: Unknown Pin: Pin D4-K7
Add Pin To Net: Unknown Pin: Pin D4-K8
Add Pin To Net: Unknown Pin: Pin D4-K9
Add Pin To Net: Unknown Pin: Pin D4-K10
Add Pin To Net: Unknown Pin: Pin D4-K11
Add Pin To Net: Unknown Pin: Pin D4-K12
Add Pin To Net: Unknown Pin: Pin D4-L1
Add Pin To Net: Unknown Pin: Pin D4-L2
Add Pin To Net: Unknown Pin: Pin D4-L3
Add Pin To Net: Unknown Pin: Pin D4-L4
Add Pin To Net: Unknown Pin: Pin D4-L5
Add Pin To Net: Unknown Pin: Pin D4-L6
Add Pin To Net: Unknown Pin: Pin D4-L7
Add Pin To Net: Unknown Pin: Pin D4-L8
Add Pin To Net: Unknown Pin: Pin D4-L9
Add Pin To Net: Unknown Pin: Pin D4-L10
Add Pin To Net: Unknown Pin: Pin D4-L11
Add Pin To Net: Unknown Pin: Pin D4-L12
Add Pin To Net: Unknown Pin: Pin D4-L15
Add Pin To Net: Unknown Pin: Pin D4-M1
Add Pin To Net: Unknown Pin: Pin D4-M2
Add Pin To Net: Unknown Pin: Pin D4-M3
Add Pin To Net: Unknown Pin: Pin D4-M4
Add Pin To Net: Unknown Pin: Pin D4-M5
Add Pin To Net: Unknown Pin: Pin D4-M6
Add Pin To Net: Unknown Pin: Pin D4-M7
Add Pin To Net: Unknown Pin: Pin D4-M8
Add Pin To Net: Unknown Pin: Pin D4-M9
Add Pin To Net: Unknown Pin: Pin D4-M10
Add Pin To Net: Unknown Pin: Pin D4-M11
Add Pin To Net: Unknown Pin: Pin D4-M12
Add Pin To Net: Unknown Pin: Pin D4-N1
Add Pin To Net: Unknown Pin: Pin D4-N2
Add Pin To Net: Unknown Pin: Pin D4-N3
Add Pin To Net: Unknown Pin: Pin D4-N4
Add Pin To Net: Unknown Pin: Pin D4-N7
Add Pin To Net: Unknown Pin: Pin D4-N9
Add Pin To Net: Unknown Pin: Pin D4-N12
Add Pin To Net: Unknown Pin: Pin D4-P1
Add Pin To Net: Unknown Pin: Pin D4-P2
Add Pin To Net: Unknown Pin: Pin D4-P3
Add Pin To Net: Unknown Pin: Pin D4-P4
Add Pin To Net: Unknown Pin: Pin D4-P6
Add Pin To Net: Unknown Pin: Pin D4-P7
Add Pin To Net: Unknown Pin: Pin D4-P9
Add Pin To Net: Unknown Pin: Pin D4-P12
Add Pin To Net: Unknown Pin: Pin D4-P13
Add Pin To Net: Unknown Pin: Pin D4-P14
Add Pin To Net: Unknown Pin: Pin D4-R1
Add Pin To Net: Unknown Pin: Pin D4-R2
Add Pin To Net: Unknown Pin: Pin D4-R3
Add Pin To Net: Unknown Pin: Pin D4-R4
Add Pin To Net: Unknown Pin: Pin D4-R5
Add Pin To Net: Unknown Pin: Pin D4-R6
Add Pin To Net: Unknown Pin: Pin D4-R7
Add Pin To Net: Unknown Pin: Pin D4-R8
Add Pin To Net: Unknown Pin: Pin D4-R9
Add Pin To Net: Unknown Pin: Pin D4-R10
Add Pin To Net: Unknown Pin: Pin D4-R11
Add Pin To Net: Unknown Pin: Pin D4-R12
Add Pin To Net: Unknown Pin: Pin D4-R17
Add Pin To Net: Unknown Pin: Pin D4-T1
Add Pin To Net: Unknown Pin: Pin D4-T2
Add Pin To Net: Unknown Pin: Pin D4-T3
Add Pin To Net: Unknown Pin: Pin D4-T5
Add Pin To Net: Unknown Pin: Pin D4-T6
Add Pin To Net: Unknown Pin: Pin D4-T7
Add Pin To Net: Unknown Pin: Pin D4-T9
Add Pin To Net: Unknown Pin: Pin D4-T10
Add Pin To Net: Unknown Pin: Pin D4-T11
Add Pin To Net: Unknown Pin: Pin D4-T12
Add Pin To Net: Unknown Pin: Pin D4-T13
Add Pin To Net: Unknown Pin: Pin D4-T17
Add Pin To Net: Unknown Pin: Pin D4-U1
Add Pin To Net: Unknown Pin: Pin D4-U2
Add Pin To Net: Unknown Pin: Pin D4-U3
Add Pin To Net: Unknown Pin: Pin D4-U5
Add Pin To Net: Unknown Pin: Pin D4-U6
Add Pin To Net: Unknown Pin: Pin D4-U7
Add Pin To Net: Unknown Pin: Pin D4-U9
Add Pin To Net: Unknown Pin: Pin D4-U10
Add Pin To Net: Unknown Pin: Pin D4-U11
Add Pin To Net: Unknown Pin: Pin D4-U17
Add Pin To Net: Unknown Pin: Pin R1-1
Add Pin To Net: Unknown Pin: Pin R1-2
Add Pin To Net: Unknown Pin: Pin R2-1
Add Pin To Net: Unknown Pin: Pin R2-2
Add Pin To Net: Unknown Pin: Pin R3-1
Add Pin To Net: Unknown Pin: Pin R3-2
Add Pin To Net: Unknown Pin: Pin R4-1
Add Pin To Net: Unknown Pin: Pin R4-2
Add Pin To Net: Unknown Pin: Pin R5-1
Add Pin To Net: Unknown Pin: Pin R5-2
Add Pin To Net: Unknown Pin: Pin R6-1
Add Pin To Net: Unknown Pin: Pin R6-2
Add Pin To Net: Unknown Pin: Pin R7-1
Add Pin To Net: Unknown Pin: Pin R7-2
Add Pin To Net: Unknown Pin: Pin R8-1
Add Pin To Net: Unknown Pin: Pin R8-2
Add Pin To Net: Unknown Pin: Pin R9-1
Add Pin To Net: Unknown Pin: Pin R9-2
Add Pin To Net: Unknown Pin: Pin R10-1
Add Pin To Net: Unknown Pin: Pin R10-2
Add Pin To Net: Unknown Pin: Pin R11-1
Add Pin To Net: Unknown Pin: Pin R11-2
Add Pin To Net: Unknown Pin: Pin R12-1
Add Pin To Net: Unknown Pin: Pin R12-2
Add Pin To Net: Unknown Pin: Pin R13-1
Add Pin To Net: Unknown Pin: Pin R13-2
Add Pin To Net: Unknown Pin: Pin R14-1
Add Pin To Net: Unknown Pin: Pin R14-2
Add Pin To Net: Unknown Pin: Pin R17-1
Add Pin To Net: Unknown Pin: Pin R17-2
Add Pin To Net: Unknown Pin: Pin R19-1
Add Pin To Net: Unknown Pin: Pin R19-2
Add Pin To Net: Unknown Pin: Pin R20-1
Add Pin To Net: Unknown Pin: Pin R20-2
Add Pin To Net: Unknown Pin: Pin R21-1
Add Pin To Net: Unknown Pin: Pin R21-2
Add Pin To Net: Unknown Pin: Pin R22-1
Add Pin To Net: Unknown Pin: Pin R22-2
Add Pin To Net: Unknown Pin: Pin R23-1
Add Pin To Net: Unknown Pin: Pin R23-2
Add Pin To Net: Unknown Pin: Pin R24-1
Add Pin To Net: Unknown Pin: Pin R24-2
Add Pin To Net: Unknown Pin: Pin R25-1
Add Pin To Net: Unknown Pin: Pin R25-2
Add Pin To Net: Unknown Pin: Pin R26-1
Add Pin To Net: Unknown Pin: Pin R26-2
Add Pin To Net: Unknown Pin: Pin R27-1
Add Pin To Net: Unknown Pin: Pin R27-2
Add Pin To Net: Unknown Pin: Pin R28-1
Add Pin To Net: Unknown Pin: Pin R28-2
Add Pin To Net: Unknown Pin: Pin R29-1
Add Pin To Net: Unknown Pin: Pin R29-2
Add Pin To Net: Unknown Pin: Pin R30-1
Add Pin To Net: Unknown Pin: Pin R30-2
Add Pin To Net: Unknown Pin: Pin R31-1
Add Pin To Net: Unknown Pin: Pin R31-2
Add Pin To Net: Unknown Pin: Pin R32-1
Add Pin To Net: Unknown Pin: Pin R32-2
Add Pin To Net: Unknown Pin: Pin R33-1
Add Pin To Net: Unknown Pin: Pin R33-2
Add Pin To Net: Unknown Pin: Pin R34-1
Add Pin To Net: Unknown Pin: Pin R34-2
Add Pin To Net: Unknown Pin: Pin R35-1
Add Pin To Net: Unknown Pin: Pin R35-2
Add Pin To Net: Unknown Pin: Pin R36-1
Add Pin To Net: Unknown Pin: Pin R36-2
Add Pin To Net: Unknown Pin: Pin R37-1
Add Pin To Net: Unknown Pin: Pin R37-2
Add Pin To Net: Unknown Pin: Pin R38-1
Add Pin To Net: Unknown Pin: Pin R38-2
Add Pin To Net: Unknown Pin: Pin R39-1
Add Pin To Net: Unknown Pin: Pin R39-2
Add Pin To Net: Unknown Pin: Pin R40-1
Add Pin To Net: Unknown Pin: Pin R40-2
Add Pin To Net: Unknown Pin: Pin R41-1
Add Pin To Net: Unknown Pin: Pin R41-2
Add Pin To Net: Unknown Pin: Pin R42-1
Add Pin To Net: Unknown Pin: Pin R42-2
Add Pin To Net: Unknown Pin: Pin R43-1
Add Pin To Net: Unknown Pin: Pin R43-2
Add Pin To Net: Unknown Pin: Pin R48-1
Add Pin To Net: Unknown Pin: Pin R48-2
Add Pin To Net: Unknown Pin: Pin R49-1
Add Pin To Net: Unknown Pin: Pin R49-2
Add Pin To Net: Unknown Pin: Pin R50-1
Add Pin To Net: Unknown Pin: Pin R50-2
Add Pin To Net: Unknown Pin: Pin R51-1
Add Pin To Net: Unknown Pin: Pin R51-2
Add Pin To Net: Unknown Pin: Pin R52-1
Add Pin To Net: Unknown Pin: Pin R52-2
Add Pin To Net: Unknown Pin: Pin R53-1
Add Pin To Net: Unknown Pin: Pin R53-2
Add Pin To Net: Unknown Pin: Pin R54-1
Add Pin To Net: Unknown Pin: Pin R54-2
Add Pin To Net: Unknown Pin: Pin R55-1
Add Pin To Net: Unknown Pin: Pin R55-2
Add Pin To Net: Unknown Pin: Pin R56-1
Add Pin To Net: Unknown Pin: Pin R56-2
Add Pin To Net: Unknown Pin: Pin R57-1
Add Pin To Net: Unknown Pin: Pin R57-2
Add Pin To Net: Unknown Pin: Pin R58-1
Add Pin To Net: Unknown Pin: Pin R58-2
Add Pin To Net: Unknown Pin: Pin R59-1
Add Pin To Net: Unknown Pin: Pin R59-2
Add Pin To Net: Unknown Pin: Pin R60-1
Add Pin To Net: Unknown Pin: Pin R60-2
Add Pin To Net: Unknown Pin: Pin R61-1
Add Pin To Net: Unknown Pin: Pin R61-2
Add Pin To Net: Unknown Pin: Pin R63-1
Add Pin To Net: Unknown Pin: Pin R63-2
Add Pin To Net: Unknown Pin: Pin R67-1
Add Pin To Net: Unknown Pin: Pin R67-2
Add Pin To Net: Unknown Pin: Pin R68-1
Add Pin To Net: Unknown Pin: Pin R68-2
Add Pin To Net: Unknown Pin: Pin R69-1
Add Pin To Net: Unknown Pin: Pin R69-2
Add Pin To Net: Unknown Pin: Pin R70-1
Add Pin To Net: Unknown Pin: Pin R70-2
Add Pin To Net: Unknown Pin: Pin R71-1
Add Pin To Net: Unknown Pin: Pin R71-2
Add Pin To Net: Unknown Pin: Pin R72-1
Add Pin To Net: Unknown Pin: Pin R72-2
Add Pin To Net: Unknown Pin: Pin R73-1
Add Pin To Net: Unknown Pin: Pin R73-2
Add Pin To Net: Unknown Pin: Pin R74-1
Add Pin To Net: Unknown Pin: Pin R74-2
Add Pin To Net: Unknown Pin: Pin R75-1
Add Pin To Net: Unknown Pin: Pin R75-2
Add Pin To Net: Unknown Pin: Pin R76-1
Add Pin To Net: Unknown Pin: Pin R76-2
Add Pin To Net: Unknown Pin: Pin R77-1
Add Pin To Net: Unknown Pin: Pin R77-2
Add Pin To Net: Unknown Pin: Pin R78-1
Add Pin To Net: Unknown Pin: Pin R78-2
Add Pin To Net: Unknown Pin: Pin R79-1
Add Pin To Net: Unknown Pin: Pin R79-2
Add Pin To Net: Unknown Pin: Pin R80-1
Add Pin To Net: Unknown Pin: Pin R80-2
Add Pin To Net: Unknown Pin: Pin R81-1
Add Pin To Net: Unknown Pin: Pin R81-2
Add Pin To Net: Unknown Pin: Pin R82-1
Add Pin To Net: Unknown Pin: Pin R82-2
Add Class Member: Failed to add class member : Component D4 HPM6754IVM2
Add Class Member: Failed to add class member : Component R1 Resistor, 470k, ±1%, 0402
Add Class Member: Failed to add class member : Component R2 Resistor, 118k, ±1%, 0402
Add Class Member: Failed to add class member : Component R3 Resistor, 28,7k, ±1%, 0402
Add Class Member: Failed to add class member : Component R4 Resistor, 267k, ±1%, 0402
Add Class Member: Failed to add class member : Component R5 Resistor, 124k, ±1%, 0402
Add Class Member: Failed to add class member : Component R6 Resistor, 10k, ±1%, 0402
Add Class Member: Failed to add class member : Component R7 Resistor, 470k, ±1%, 0402
Add Class Member: Failed to add class member : Component R8 Resistor, 118k, ±1%, 0402
Add Class Member: Failed to add class member : Component R9 Resistor, 28,7k, ±1%, 0402
Add Class Member: Failed to add class member : Component R10 Resistor, 267k, ±1%, 0402
Add Class Member: Failed to add class member : Component R11 Resistor, 124k, ±1%, 0402
Add Class Member: Failed to add class member : Component R12 Resistor, 10k, ±1%, 0402
Add Class Member: Failed to add class member : Component R13 Resistor, 10k, ±1%, 0402
Add Class Member: Failed to add class member : Component R14 Resistor, 10k, ±1%, 0402
Add Class Member: Failed to add class member : Component R17 Resistor, 10k, ±1%, 0402
Add Class Member: Failed to add class member : Component R19 Resistor, 0, ±1%, 0805
Add Class Member: Failed to add class member : Component R20 Resistor, 0, ±1%, 0805
Add Class Member: Failed to add class member : Component R21 Resistor, 0, ±1%, 0805
Add Class Member: Failed to add class member : Component R22 Resistor, 1k, ±1%, 0402
Add Class Member: Failed to add class member : Component R23 Resistor, 0, ±1%, 0805
Add Class Member: Failed to add class member : Component R24 Resistor, 5,1k, ±1%, 0402
Add Class Member: Failed to add class member : Component R25 Resistor, 1k, ±1%, 0402
Add Class Member: Failed to add class member : Component R26 Resistor, 5,1k, ±1%, 0402
Add Class Member: Failed to add class member : Component R27 Resistor, 1k, ±1%, 0402
Add Class Member: Failed to add class member : Component R28 Resistor, 100, ±1%, 0402
Add Class Member: Failed to add class member : Component R29 Resistor, 1k, ±1%, 0402
Add Class Member: Failed to add class member : Component R30 Resistor, 100, ±1%, 0805
Add Class Member: Failed to add class member : Component R31 Resistor, 10k, ±1%, 0402
Add Class Member: Failed to add class member : Component R32 Resistor, 30,9k, ±1%, 0402
Add Class Member: Failed to add class member : Component R33 Resistor, 10k, ±1%, 0402
Add Class Member: Failed to add class member : Component R34 Resistor, 10k, ±1%, 0402
Add Class Member: Failed to add class member : Component R35 Resistor, 10k, ±1%, 0402
Add Class Member: Failed to add class member : Component R36 Resistor, 10k, ±1%, 0402
Add Class Member: Failed to add class member : Component R37 Resistor, 2M, ±1%, 0402
Add Class Member: Failed to add class member : Component R38 Resistor, 5,1k, ±1%, 0402
Add Class Member: Failed to add class member : Component R39 Resistor, 5,1k, ±1%, 0402
Add Class Member: Failed to add class member : Component R40 Resistor, 1k, ±1%, 0402
Add Class Member: Failed to add class member : Component R41 Resistor, 10k, ±1%, 0402
Add Class Member: Failed to add class member : Component R42 Resistor, 130, ±1%, 0402
Add Class Member: Failed to add class member : Component R43 Resistor, 1k, ±1%, 0402
Add Class Member: Failed to add class member : Component R48 Resistor, 10k, ±1%, 0402
Add Class Member: Failed to add class member : Component R49 Resistor, 22k, ±1%, 0402
Add Class Member: Failed to add class member : Component R50 Resistor, 10k, ±1%, 0402
Add Class Member: Failed to add class member : Component R51 Resistor, 1k, ±1%, 0402
Add Class Member: Failed to add class member : Component R52 Resistor, 1k, ±1%, 0402
Add Class Member: Failed to add class member : Component R53 Resistor, 1k, ±1%, 0402
Add Class Member: Failed to add class member : Component R54 Resistor, 1k, ±1%, 0402
Add Class Member: Failed to add class member : Component R55 Resistor, 1k, ±1%, 0402
Add Class Member: Failed to add class member : Component R56 Resistor, 1k, ±1%, 0402
Add Class Member: Failed to add class member : Component R57 Resistor, 1k, ±1%, 0402
Add Class Member: Failed to add class member : Component R58 Resistor, 1k, ±1%, 0402
Add Class Member: Failed to add class member : Component R59 Resistor, 130, ±1%, 0402
Add Class Member: Failed to add class member : Component R60 Resistor, 130, ±1%, 0402
Add Class Member: Failed to add class member : Component R61 Resistor, 130, ±1%, 0402
Add Class Member: Failed to add class member : Component R63 Resistor, 130, ±1%, 0402
Add Class Member: Failed to add class member : Component R67 Resistor, 5,1k, ±1%, 0402
Add Class Member: Failed to add class member : Component R68 Resistor, 1k, ±1%, 0402
Add Class Member: Failed to add class member : Component R69 Resistor, 10k, ±1%, 0402
Add Class Member: Failed to add class member : Component R70 Resistor, 5,1k, ±1%, 0402
Add Class Member: Failed to add class member : Component R71 Resistor, 1k, ±1%, 0402
Add Class Member: Failed to add class member : Component R72 Resistor, 10k, ±1%, 0402
Add Class Member: Failed to add class member : Component R73 Resistor, 10k, ±1%, 0402
Add Class Member: Failed to add class member : Component R74 Resistor, 24,9k, ±1%, 0402
Add Class Member: Failed to add class member : Component R75 Resistor, 10k, ±1%, 0402
Add Class Member: Failed to add class member : Component R76 Resistor, 5,1k, ±1%, 0402
Add Class Member: Failed to add class member : Component R77 Resistor, 5,1k, ±1%, 0402
Add Class Member: Failed to add class member : Component R78 Resistor, 130, ±1%, 0402
Add Class Member: Failed to add class member : Component R79 Resistor, 10k, ±1%, 0402
Add Class Member: Failed to add class member : Component R80 Resistor, 10k, ±1%, 0402
Add Class Member: Failed to add class member : Component R81 Resistor, 8,87k, ±1%, 0402
Add Class Member: Failed to add class member : Component R82 Resistor, 10k, ±1%, 0402
