Removed Pin From Net: NetName=GND Pin=C28-1
Removed Pin From Net: NetName=3V3 Pin=C28-2
Removed Pin From Net: NetName=GND Pin=C29-1
Removed Pin From Net: NetName=3V3 Pin=C29-2
Removed Pin From Net: NetName=GND Pin=C30-1
Removed Pin From Net: NetName=3V3 Pin=C30-2
Removed Pin From Net: NetName=GND Pin=D1-``
Removed Pin From Net: NetName=GND Pin=D3-1
Removed Pin From Net: NetName=GND Pin=D3-2
Removed Pin From Net: NetName=SDA0 Pin=D3-4
Removed Pin From Net: NetName=SCL0 Pin=D3-5
Removed Pin From Net: NetName=3V3 Pin=D3-6
Removed Pin From Net: NetName=GND Pin=D3-7
Removed Pin From Net: NetName=3V7_for_logic Pin=D3-8
Removed Pin From Net: NetName=GND Pin=D4-1
Removed Pin From Net: NetName=3V3 Pin=D4-2
Removed Pin From Net: NetName=SDA0 Pin=D4-4
Removed Pin From Net: NetName=SCL0 Pin=D4-5
Removed Pin From Net: NetName=3V3 Pin=D4-6
Removed Pin From Net: NetName=GND Pin=D4-7
Removed Pin From Net: NetName=Servo_ABCD_Power Pin=D4-8
Removed Pin From Net: NetName=Servo_ABCD_Power Pin=D4-9
Removed Pin From Net: NetName=6V_for_Servo_ABCD Pin=D4-10
Removed Pin From Net: NetName=3V3 Pin=D5-1
Removed Pin From Net: NetName=GND Pin=D5-2
Removed Pin From Net: NetName=SDA0 Pin=D5-4
Removed Pin From Net: NetName=SCL0 Pin=D5-5
Removed Pin From Net: NetName=3V3 Pin=D5-6
Removed Pin From Net: NetName=GND Pin=D5-7
Removed Pin From Net: NetName=Servo_EFGH_Power Pin=D5-8
Removed Pin From Net: NetName=Servo_EFGH_Power Pin=D5-9
Removed Pin From Net: NetName=6V_for_Servo_EFGH Pin=D5-10
Removed Pin From Net: NetName=3V7 Pin=R15-1
Removed Pin From Net: NetName=3V7_for_logic Pin=R16-1
Removed Pin From Net: NetName=3V7 Pin=R16-2
Removed Pin From Net: NetName=Servo_ABCD_Power Pin=R17-1
Removed Pin From Net: NetName=6V_for_Servo_ABCD Pin=R17-2
Removed Pin From Net: NetName=Servo_EFGH_Power Pin=R18-1
Removed Pin From Net: NetName=6V_for_Servo_EFGH Pin=R18-2
Removed Pin From Net: NetName=3V7_for_logic Pin=R19-1
Removed Member From Class: ClassName=KA2_2 Member=C33
Removed Member From Class: ClassName=KA2_2 Member=C34
Removed Member From Class: ClassName=KA2_2 Member=D5
Removed Member From Class: ClassName=KA2_2 Member=D6
Removed Member From Class: ClassName=KA2_2 Member=R20
Removed Member From Class: ClassName=KA2_2 Member=R21
Change Component Designator: OldDesignator=C31 NewDesignator=C27
Change Component Designator: OldDesignator=C32 NewDesignator=C28
Change Component Designator: OldDesignator=C33 NewDesignator=C29
Change Component Designator: OldDesignator=C34 NewDesignator=C30
Change Component Designator: OldDesignator=C35 NewDesignator=C33
Change Component Designator: OldDesignator=C36 NewDesignator=C34
Change Component Designator: OldDesignator=C37 NewDesignator=C35
Change Component Designator: OldDesignator=C38 NewDesignator=C36
Change Component Designator: OldDesignator=C39 NewDesignator=C37
Change Component Designator: OldDesignator=C40 NewDesignator=C38
Change Component Designator: OldDesignator=C41 NewDesignator=C39
Change Component Designator: OldDesignator=C42 NewDesignator=C40
Change Component Designator: OldDesignator=C43 NewDesignator=C41
Change Component Designator: OldDesignator=C44 NewDesignator=C42
Change Component Designator: OldDesignator=C45 NewDesignator=C43
Change Component Designator: OldDesignator=C46 NewDesignator=C44
Change Component Designator: OldDesignator=C47 NewDesignator=C45
Change Component Designator: OldDesignator=C48 NewDesignator=C46
Change Component Designator: OldDesignator=C49 NewDesignator=C47
Change Component Designator: OldDesignator=C50 NewDesignator=C48
Change Component Designator: OldDesignator=C51 NewDesignator=C49
Change Component Designator: OldDesignator=C52 NewDesignator=C50
Change Component Designator: OldDesignator=C53 NewDesignator=C51
Change Component Designator: OldDesignator=C54 NewDesignator=C52
Change Component Designator: OldDesignator=C55 NewDesignator=C53
Change Component Designator: OldDesignator=C56 NewDesignator=C54
Change Component Designator: OldDesignator=C57 NewDesignator=C55
Change Component Designator: OldDesignator=C58 NewDesignator=C56
Change Component Designator: OldDesignator=C59 NewDesignator=C57
Change Component Designator: OldDesignator=C60 NewDesignator=C58
Change Component Designator: OldDesignator=C61 NewDesignator=C59
Change Component Designator: OldDesignator=C62 NewDesignator=C60
Change Component Designator: OldDesignator=C63 NewDesignator=C61
Change Component Designator: OldDesignator=C64 NewDesignator=C62
Change Component Designator: OldDesignator=C65 NewDesignator=C63
Change Component Designator: OldDesignator=C66 NewDesignator=C64
Change Component Designator: OldDesignator=C67 NewDesignator=C65
Change Component Designator: OldDesignator=C68 NewDesignator=C66
Change Component Designator: OldDesignator=C69 NewDesignator=C67
Change Component Designator: OldDesignator=C70 NewDesignator=C68
Change Component Designator: OldDesignator=C71 NewDesignator=C69
Change Component Designator: OldDesignator=C72 NewDesignator=C70
Change Component Designator: OldDesignator=C73 NewDesignator=C71
Change Component Designator: OldDesignator=C74 NewDesignator=C72
Change Component Designator: OldDesignator=C75 NewDesignator=C73
Change Component Designator: OldDesignator=C76 NewDesignator=C74
Change Component Designator: OldDesignator=C77 NewDesignator=C75
Change Component Designator: OldDesignator=C78 NewDesignator=C76
Change Component Designator: OldDesignator=C79 NewDesignator=C77
Change Component Designator: OldDesignator=C80 NewDesignator=C78
Change Component Designator: OldDesignator=C81 NewDesignator=C79
Change Component Designator: OldDesignator=C82 NewDesignator=C80
Change Component Designator: OldDesignator=C83 NewDesignator=C81
Change Component Designator: OldDesignator=C84 NewDesignator=C82
Change Component Designator: OldDesignator=C85 NewDesignator=C83
Change Component Designator: OldDesignator=C86 NewDesignator=C84
Change Component Designator: OldDesignator=C87 NewDesignator=C85
Change Component Designator: OldDesignator=C88 NewDesignator=C86
Change Component Designator: OldDesignator=C89 NewDesignator=C87
Change Component Designator: OldDesignator=C90 NewDesignator=C88
Change Component Designator: OldDesignator=C91 NewDesignator=C89
Change Component Designator: OldDesignator=C92 NewDesignator=C90
Change Component Designator: OldDesignator=C93 NewDesignator=C91
Change Component Designator: OldDesignator=C94 NewDesignator=C92
Change Component Designator: OldDesignator=C95 NewDesignator=C93
Change Component Designator: OldDesignator=C96 NewDesignator=C94
Change Component Designator: OldDesignator=C97 NewDesignator=C95
Change Component Designator: OldDesignator=C98 NewDesignator=C96
Change Component Designator: OldDesignator=C99 NewDesignator=C97
Change Component Designator: OldDesignator=C100 NewDesignator=C98
Change Component Designator: OldDesignator=C101 NewDesignator=C99
Change Component Designator: OldDesignator=C102 NewDesignator=C100
Change Component Designator: OldDesignator=C103 NewDesignator=C101
Change Component Designator: OldDesignator=C104 NewDesignator=C102
Change Component Designator: OldDesignator=C105 NewDesignator=C103
Change Component Designator: OldDesignator=C106 NewDesignator=C104
Change Component Designator: OldDesignator=C107 NewDesignator=C105
Change Component Designator: OldDesignator=C108 NewDesignator=C106
Change Component Designator: OldDesignator=C109 NewDesignator=C107
Change Component Designator: OldDesignator=C110 NewDesignator=C108
Change Component Designator: OldDesignator=C111 NewDesignator=C109
Change Component Designator: OldDesignator=C112 NewDesignator=C110
Change Component Designator: OldDesignator=C113 NewDesignator=C111
Change Component Designator: OldDesignator=C114 NewDesignator=C112
Change Component Designator: OldDesignator=C115 NewDesignator=C113
Change Component Designator: OldDesignator=C116 NewDesignator=C114
Change Component Designator: OldDesignator=C117 NewDesignator=C115
Change Component Designator: OldDesignator=C118 NewDesignator=C116
Change Component Designator: OldDesignator=C119 NewDesignator=C117
Change Component Designator: OldDesignator=C120 NewDesignator=C118
Change Component Designator: OldDesignator=C121 NewDesignator=C119
Change Component Designator: OldDesignator=C122 NewDesignator=C120
Change Component Designator: OldDesignator=C123 NewDesignator=C121
Change Component Designator: OldDesignator=C124 NewDesignator=C122
Change Component Designator: OldDesignator=C125 NewDesignator=C123
Change Component Designator: OldDesignator=D6 NewDesignator=D3
Change Component Designator: OldDesignator=D7 NewDesignator=D5
Change Component Designator: OldDesignator=D8 NewDesignator=D6
Change Component Designator: OldDesignator=D9 NewDesignator=D7
Change Component Designator: OldDesignator=D10 NewDesignator=D8
Change Component Designator: OldDesignator=D11 NewDesignator=D9
Change Component Designator: OldDesignator=D12 NewDesignator=D10
Change Component Designator: OldDesignator=D13 NewDesignator=D11
Change Component Designator: OldDesignator=D14 NewDesignator=D12
Change Component Designator: OldDesignator=D15 NewDesignator=D13
Change Component Designator: OldDesignator=D16 NewDesignator=D14
Change Component Designator: OldDesignator=D17 NewDesignator=D15
Change Component Designator: OldDesignator=D18 NewDesignator=D16
Change Component Designator: OldDesignator=D19 NewDesignator=D17
Change Component Designator: OldDesignator=D20 NewDesignator=D18
Change Component Designator: OldDesignator=R20 NewDesignator=R18
Change Component Designator: OldDesignator=R21 NewDesignator=R17
Change Component Designator: OldDesignator=R22 NewDesignator=R20
Change Component Designator: OldDesignator=R23 NewDesignator=R21
Change Component Designator: OldDesignator=R24 NewDesignator=R22
Change Component Designator: OldDesignator=R25 NewDesignator=R23
Change Component Designator: OldDesignator=R26 NewDesignator=R24
Change Component Designator: OldDesignator=R27 NewDesignator=R25
Change Component Designator: OldDesignator=R28 NewDesignator=R26
Change Component Designator: OldDesignator=R29 NewDesignator=R27
Change Component Designator: OldDesignator=R30 NewDesignator=R28
Change Component Designator: OldDesignator=R31 NewDesignator=R29
Change Component Designator: OldDesignator=R32 NewDesignator=R30
Change Component Designator: OldDesignator=R33 NewDesignator=R31
Change Component Designator: OldDesignator=R34 NewDesignator=R32
Change Component Designator: OldDesignator=R35 NewDesignator=R33
Change Component Designator: OldDesignator=R36 NewDesignator=R34
Change Component Designator: OldDesignator=R37 NewDesignator=R35
Change Component Designator: OldDesignator=R38 NewDesignator=R36
Change Component Designator: OldDesignator=R39 NewDesignator=R37
Change Component Designator: OldDesignator=R40 NewDesignator=R38
Change Component Designator: OldDesignator=R41 NewDesignator=R39
Change Component Designator: OldDesignator=R42 NewDesignator=R40
Change Component Designator: OldDesignator=R43 NewDesignator=R41
Change Component Designator: OldDesignator=R44 NewDesignator=R42
Change Component Designator: OldDesignator=R45 NewDesignator=R43
Change Component Designator: OldDesignator=R46 NewDesignator=R44
Change Component Designator: OldDesignator=R47 NewDesignator=R45
Change Component Designator: OldDesignator=R48 NewDesignator=R46
Change Component Designator: OldDesignator=R49 NewDesignator=R47
Change Component Designator: OldDesignator=R50 NewDesignator=R48
Change Component Designator: OldDesignator=R51 NewDesignator=R49
Change Component Designator: OldDesignator=R52 NewDesignator=R50
Change Component Designator: OldDesignator=R53 NewDesignator=R51
Change Component Designator: OldDesignator=R54 NewDesignator=R52
Change Component Designator: OldDesignator=R55 NewDesignator=R53
Change Component Designator: OldDesignator=R56 NewDesignator=R54
Change Component Designator: OldDesignator=R57 NewDesignator=R55
Change Component Designator: OldDesignator=R58 NewDesignator=R56
Change Component Designator: OldDesignator=R59 NewDesignator=R57
Change Component Designator: OldDesignator=R60 NewDesignator=R58
Change Component Designator: OldDesignator=R61 NewDesignator=R59
Change Component Designator: OldDesignator=R62 NewDesignator=R60
Change Component Designator: OldDesignator=R63 NewDesignator=R61
Change Component Designator: OldDesignator=R64 NewDesignator=R62
Change Component Designator: OldDesignator=R65 NewDesignator=R63
Change Component Designator: OldDesignator=R66 NewDesignator=R64
Change Component Designator: OldDesignator=R67 NewDesignator=R65
Change Component Designator: OldDesignator=R68 NewDesignator=R66
Change Component Designator: OldDesignator=R69 NewDesignator=R67
Change Component Designator: OldDesignator=R70 NewDesignator=R68
Change Component Designator: OldDesignator=R71 NewDesignator=R69
Change Component Designator: OldDesignator=R72 NewDesignator=R70
Change Component Designator: OldDesignator=R73 NewDesignator=R71
Change Component Designator: OldDesignator=R74 NewDesignator=R72
Change Component Designator: OldDesignator=R75 NewDesignator=R73
Change Component Designator: OldDesignator=R76 NewDesignator=R74
Change Component Designator: OldDesignator=R77 NewDesignator=R75
Change Component Designator: OldDesignator=R78 NewDesignator=R76
Change Component Designator: OldDesignator=R79 NewDesignator=R77
Change Component Designator: OldDesignator=R80 NewDesignator=R78
Change Component Designator: OldDesignator=R81 NewDesignator=R79
Change Component Designator: OldDesignator=R82 NewDesignator=R80
Change Component Designator: OldDesignator=R83 NewDesignator=R81
Change Component Designator: OldDesignator=R84 NewDesignator=R82
Change Component Designator: OldDesignator=R85 NewDesignator=R83
Change Component Designator: OldDesignator=R86 NewDesignator=R84
Change Component Designator: OldDesignator=R87 NewDesignator=R85
Change Component Designator: OldDesignator=R88 NewDesignator=R86
Change Component Designator: OldDesignator=R89 NewDesignator=R87
Change Component Designator: OldDesignator=R90 NewDesignator=R88
Change Component Designator: OldDesignator=R91 NewDesignator=R89
Change Component Designator: OldDesignator=R92 NewDesignator=R90
Change Component Designator: OldDesignator=R93 NewDesignator=R91
Change Component Designator: OldDesignator=R94 NewDesignator=R92
Change Component Designator: OldDesignator=R95 NewDesignator=R93
Change Component Designator: OldDesignator=R96 NewDesignator=R94
Change Component Designator: OldDesignator=R97 NewDesignator=R95
Change Component Designator: OldDesignator=R98 NewDesignator=R96
Change Component Designator: OldDesignator=R99 NewDesignator=R97
Change Component Designator: OldDesignator=R100 NewDesignator=R98
Added Component: Designator=C31(Capacitor_0402)
Add component (AddParameter): Name = "HelpURL"; Value = "https://www.digikey.com/product-detail/en/yageo/CC0402KRX7R7BB104/311-1338-1-ND/2103122"; VariantName = "[No Variations]"
Add component (AddParameter): Name = "Manufacturer"; Value = "Yageo"; VariantName = "[No Variations]"
Add component (AddParameter): Name = "Package"; Value = "0402"; VariantName = "[No Variations]"
Add component (AddParameter): Name = "PartNumber"; Value = "CC0402KRX7R7BB104"; VariantName = "[No Variations]"
Add component (AddParameter): Name = "Temperature"; Value = "-55...+125°C"; VariantName = "[No Variations]"
Add component (AddParameter): Name = "Tolerance"; Value = "±10%"; VariantName = "[No Variations]"
Add component (AddParameter): Name = "TypeCapacitor"; Value = "Ceramic capacitor"; VariantName = "[No Variations]"
Add component (AddParameter): Name = "TypeDielectric"; Value = "X7R"; VariantName = "[No Variations]"
Add component (AddParameter): Name = "Value"; Value = "4.7?"; VariantName = "[No Variations]"
Add component (AddParameter): Name = "ValueManufacturerPartNumber"; Value = "Ceramic capacitor, 4.7?, X7R, ±10%, 16V, 0402, -55...+125°C"; VariantName = "[No Variations]"
Add component (AddParameter): Name = "Voltage"; Value = "16V"; VariantName = "[No Variations]"
Added Component: Designator=C32(Capacitor_0402)
Add component (AddParameter): Name = "HelpURL"; Value = "https://www.digikey.com/product-detail/en/yageo/CC0402KRX7R7BB104/311-1338-1-ND/2103122"; VariantName = "[No Variations]"
Add component (AddParameter): Name = "Manufacturer"; Value = "Yageo"; VariantName = "[No Variations]"
Add component (AddParameter): Name = "Package"; Value = "0402"; VariantName = "[No Variations]"
Add component (AddParameter): Name = "PartNumber"; Value = "CC0402KRX7R7BB104"; VariantName = "[No Variations]"
Add component (AddParameter): Name = "Temperature"; Value = "-55...+125°C"; VariantName = "[No Variations]"
Add component (AddParameter): Name = "Tolerance"; Value = "±10%"; VariantName = "[No Variations]"
Add component (AddParameter): Name = "TypeCapacitor"; Value = "Ceramic capacitor"; VariantName = "[No Variations]"
Add component (AddParameter): Name = "TypeDielectric"; Value = "X7R"; VariantName = "[No Variations]"
Add component (AddParameter): Name = "Value"; Value = "0.1?"; VariantName = "[No Variations]"
Add component (AddParameter): Name = "ValueManufacturerPartNumber"; Value = "Ceramic capacitor, 0.1?, X7R, ±10%, 16V, 0402, -55...+125°C"; VariantName = "[No Variations]"
Add component (AddParameter): Name = "Voltage"; Value = "16V"; VariantName = "[No Variations]"
Add component: Footprint Not Found QFN16_4x4mm
Added Component: Designator=R15(RES: 1206)
Add component (AddParameter): Name = "HelpURL"; Value = "https://www.lcsc.com/product-detail/C48533616.html?spm=wm.fly.bg.0.xh___wm.sy.top.tjl.8-59&lcsc_vid=T1ELUAYERlJYUgZVEVBYBABTQ1kKBVxRQwVeVAUEEVgxVlNRQFZcX1dTR1VbXjtW"; VariantName = "[No Variations]"
Add component (AddParameter): Name = "Manufacturer"; Value = "Fojan"; VariantName = "[No Variations]"
Add component (AddParameter): Name = "Package"; Value = "1206"; VariantName = "[No Variations]"
Add component (AddParameter): Name = "PartNumber"; Value = "FRM121WFR016TM"; VariantName = "[No Variations]"
Add component (AddParameter): Name = "Power"; Value = "1W"; VariantName = "[No Variations]"
Add component (AddParameter): Name = "Temperature"; Value = "-55...+125°C"; VariantName = "[No Variations]"
Add component (AddParameter): Name = "Tolerance"; Value = ""; VariantName = "[No Variations]"
Add component (AddParameter): Name = "TypeResistor"; Value = "Resistor film"; VariantName = "[No Variations]"
Add component (AddParameter): Name = "Value"; Value = "0.016"; VariantName = "[No Variations]"
Add component (AddParameter): Name = "ValueManufacturerPartNumber"; Value = "Resistor film, 0.016, , 1206, 1W, -55...+125°C"; VariantName = "[No Variations]"
Added Component: Designator=R16(RES: 1206)
Add component (AddParameter): Name = "HelpURL"; Value = "https://www.lcsc.com/product-detail/C48533616.html?spm=wm.fly.bg.0.xh___wm.sy.top.tjl.8-59&lcsc_vid=T1ELUAYERlJYUgZVEVBYBABTQ1kKBVxRQwVeVAUEEVgxVlNRQFZcX1dTR1VbXjtW"; VariantName = "[No Variations]"
Add component (AddParameter): Name = "Manufacturer"; Value = "Fojan"; VariantName = "[No Variations]"
Add component (AddParameter): Name = "Package"; Value = "1206"; VariantName = "[No Variations]"
Add component (AddParameter): Name = "PartNumber"; Value = "FRM121WFR016TM"; VariantName = "[No Variations]"
Add component (AddParameter): Name = "Power"; Value = "1W"; VariantName = "[No Variations]"
Add component (AddParameter): Name = "Temperature"; Value = "-55...+125°C"; VariantName = "[No Variations]"
Add component (AddParameter): Name = "Tolerance"; Value = ""; VariantName = "[No Variations]"
Add component (AddParameter): Name = "TypeResistor"; Value = "Resistor film"; VariantName = "[No Variations]"
Add component (AddParameter): Name = "Value"; Value = "0.016"; VariantName = "[No Variations]"
Add component (AddParameter): Name = "ValueManufacturerPartNumber"; Value = "Resistor film, 0.016, , 1206, 1W, -55...+125°C"; VariantName = "[No Variations]"
Added Component: Designator=R19(RES: 1206)
Add component (AddParameter): Name = "HelpURL"; Value = "https://www.lcsc.com/product-detail/C48533616.html?spm=wm.fly.bg.0.xh___wm.sy.top.tjl.8-59&lcsc_vid=T1ELUAYERlJYUgZVEVBYBABTQ1kKBVxRQwVeVAUEEVgxVlNRQFZcX1dTR1VbXjtW"; VariantName = "[No Variations]"
Add component (AddParameter): Name = "Manufacturer"; Value = "Fojan"; VariantName = "[No Variations]"
Add component (AddParameter): Name = "Package"; Value = "1206"; VariantName = "[No Variations]"
Add component (AddParameter): Name = "PartNumber"; Value = "FRM121WFR016TM"; VariantName = "[No Variations]"
Add component (AddParameter): Name = "Power"; Value = "1W"; VariantName = "[No Variations]"
Add component (AddParameter): Name = "Temperature"; Value = "-55...+125°C"; VariantName = "[No Variations]"
Add component (AddParameter): Name = "Tolerance"; Value = ""; VariantName = "[No Variations]"
Add component (AddParameter): Name = "TypeResistor"; Value = "Resistor film"; VariantName = "[No Variations]"
Add component (AddParameter): Name = "Value"; Value = "0.016"; VariantName = "[No Variations]"
Add component (AddParameter): Name = "ValueManufacturerPartNumber"; Value = "Resistor film, 0.016, , 1206, 1W, -55...+125°C"; VariantName = "[No Variations]"
Add component: Footprint Not Found SOT-23
Add component: Footprint Not Found SOT-23
Add component: Footprint Not Found SOT-23
Added Pin To Net: NetName=GND Pin=C31-1
Added Pin To Net: NetName=3V3 Pin=C31-2
Added Pin To Net: NetName=GND Pin=C32-1
Added Pin To Net: NetName=3V3 Pin=C32-2
Add Pin To Net: Unknown Pin: Pin D1-21
Add Pin To Net: Unknown Pin: Pin D4-0
Add Pin To Net: Unknown Pin: Pin D4-1
Add Pin To Net: Unknown Pin: Pin D4-2
Add Pin To Net: Unknown Pin: Pin D4-3
Add Pin To Net: Unknown Pin: Pin D4-4
Add Pin To Net: Unknown Pin: Pin D4-5
Add Pin To Net: Unknown Pin: Pin D4-6
Add Pin To Net: Unknown Pin: Pin D4-7
Add Pin To Net: Unknown Pin: Pin D4-11
Add Pin To Net: Unknown Pin: Pin D4-12
Add Pin To Net: Unknown Pin: Pin D4-14
Add Pin To Net: Unknown Pin: Pin D4-15
Add Pin To Net: Unknown Pin: Pin D4-16
Added Pin To Net: NetName=3V7_for_logic Pin=R15-1
Added Pin To Net: NetName=3V7 Pin=R15-2
Added Pin To Net: NetName=Servo_ABCD_Power Pin=R16-1
Added Pin To Net: NetName=6V_for_Servo_ABCD Pin=R16-2
Added Pin To Net: NetName=Servo_EFGH_Power Pin=R19-1
Added Pin To Net: NetName=6V_for_Servo_EFGH Pin=R19-2
Add Pin To Net: Unknown Pin: Pin VD26-1
Add Pin To Net: Unknown Pin: Pin VD26-2
Add Pin To Net: Unknown Pin: Pin VD26-3
Add Pin To Net: Unknown Pin: Pin VD28-1
Add Pin To Net: Unknown Pin: Pin VD28-2
Add Pin To Net: Unknown Pin: Pin VD28-3
Add Pin To Net: Unknown Pin: Pin VD31-2
Add Pin To Net: Unknown Pin: Pin VD31-3
Change Net Name : Old Net Name=NetC34_2 New Net Name=NetC30_2
Change Net Name : Old Net Name=NetC35_2 New Net Name=NetC33_2
Change Net Name : Old Net Name=NetC51_2 New Net Name=NetC49_2
Change Net Name : Old Net Name=NetC53_2 New Net Name=NetC51_2
Change Net Name : Old Net Name=NetC56_2 New Net Name=NetC54_2
Change Net Name : Old Net Name=NetC58_2 New Net Name=NetC56_2
Change Net Name : Old Net Name=NetC65_2 New Net Name=NetC63_2
Change Net Name : Old Net Name=NetC71_1 New Net Name=NetC69_1
Change Net Name : Old Net Name=NetC71_2 New Net Name=NetC69_2
Change Net Name : Old Net Name=NetC72_2 New Net Name=NetC70_2
Change Net Name : Old Net Name=NetC85_2 New Net Name=NetC83_2
Change Net Name : Old Net Name=NetC87_2 New Net Name=NetC85_2
Change Net Name : Old Net Name=NetC88_2 New Net Name=NetC86_2
Change Net Name : Old Net Name=NetC90_2 New Net Name=NetC88_2
Change Net Name : Old Net Name=NetC95_2 New Net Name=NetC93_2
Change Net Name : Old Net Name=NetC97_2 New Net Name=NetC95_2
Change Net Name : Old Net Name=NetC102_1 New Net Name=NetC100_1
Change Net Name : Old Net Name=NetC102_2 New Net Name=NetC100_2
Change Net Name : Old Net Name=NetC104_2 New Net Name=NetC102_2
Change Net Name : Old Net Name=NetC109_1 New Net Name=NetC107_1
Change Net Name : Old Net Name=NetC111_2 New Net Name=NetC109_2
Change Net Name : Old Net Name=NetC121_2 New Net Name=NetC119_2
Change Net Name : Old Net Name=NetC125_2 New Net Name=NetC123_2
Change Net Name : Old Net Name=NetD6_2 New Net Name=NetD3_2
Change Net Name : Old Net Name=NetD6_4 New Net Name=NetD3_4
Change Net Name : Old Net Name=NetD7_T1 New Net Name=NetD5_T1
Change Net Name : Old Net Name=NetD9_1 New Net Name=NetD7_1
Change Net Name : Old Net Name=NetD9_5 New Net Name=NetD7_5
Change Net Name : Old Net Name=NetD9_6 New Net Name=NetD7_6
Change Net Name : Old Net Name=NetD10_1 New Net Name=NetD8_1
Change Net Name : Old Net Name=NetD10_2 New Net Name=NetD8_2
Change Net Name : Old Net Name=NetD10_3 New Net Name=NetD8_3
Change Net Name : Old Net Name=NetD11_4 New Net Name=NetD9_4
Change Net Name : Old Net Name=NetD12_1 New Net Name=NetD10_1
Change Net Name : Old Net Name=NetD12_4 New Net Name=NetD10_4
Change Net Name : Old Net Name=NetD12_9 New Net Name=NetD10_9
Change Net Name : Old Net Name=NetD12_12 New Net Name=NetD10_12
Change Net Name : Old Net Name=NetD12_13 New Net Name=NetD10_13
Change Net Name : Old Net Name=NetD12_14 New Net Name=NetD10_14
Change Net Name : Old Net Name=NetD14_1 New Net Name=NetD12_1
Change Net Name : Old Net Name=NetD14_4 New Net Name=NetD12_4
Change Net Name : Old Net Name=NetD14_12 New Net Name=NetD12_12
Change Net Name : Old Net Name=NetD14_13 New Net Name=NetD12_13
Change Net Name : Old Net Name=NetD14_14 New Net Name=NetD12_14
Change Net Name : Old Net Name=NetD15_12 New Net Name=NetD13_12
Change Net Name : Old Net Name=NetD15_13 New Net Name=NetD13_13
Change Net Name : Old Net Name=NetD15_16 New Net Name=NetD13_16
Change Net Name : Old Net Name=NetD18_1 New Net Name=NetD16_1
Change Net Name : Old Net Name=NetD18_2 New Net Name=NetD16_2
Change Net Name : Old Net Name=NetD18_3 New Net Name=NetD16_3
Change Net Name : Old Net Name=NetD18_4 New Net Name=NetD16_4
Change Net Name : Old Net Name=NetD18_5 New Net Name=NetD16_5
Change Net Name : Old Net Name=NetD18_6 New Net Name=NetD16_6
Change Net Name : Old Net Name=NetD18_7 New Net Name=NetD16_7
Change Net Name : Old Net Name=NetD18_15 New Net Name=NetD16_15
Change Net Name : Old Net Name=NetD19_4 New Net Name=NetD17_4
Change Net Name : Old Net Name=NetD20_4 New Net Name=NetD18_4
Change Net Name : Old Net Name=NetR26_2 New Net Name=NetR24_2
Change Net Name : Old Net Name=NetR27_1 New Net Name=NetR25_1
Change Net Name : Old Net Name=NetR28_2 New Net Name=NetR26_2
Change Net Name : Old Net Name=NetR29_1 New Net Name=NetR27_1
Change Net Name : Old Net Name=NetR42_2 New Net Name=NetR40_2
Change Net Name : Old Net Name=NetR44_2 New Net Name=NetR42_2
Change Net Name : Old Net Name=NetR45_2 New Net Name=NetR43_2
Change Net Name : Old Net Name=NetR69_1 New Net Name=NetR67_1
Change Net Name : Old Net Name=NetR70_1 New Net Name=NetR68_1
Change Net Name : Old Net Name=NetR71_1 New Net Name=NetR69_1
Change Net Name : Old Net Name=NetR72_1 New Net Name=NetR70_1
Change Net Name : Old Net Name=NetR73_1 New Net Name=NetR71_1
Change Net Name : Old Net Name=NetR74_1 New Net Name=NetR72_1
Change Net Name : Old Net Name=NetR75_1 New Net Name=NetR73_1
Change Net Name : Old Net Name=NetR76_1 New Net Name=NetR74_1
Change Net Name : Old Net Name=NetR77_1 New Net Name=NetR75_1
Change Net Name : Old Net Name=NetR78_1 New Net Name=NetR76_1
Change Net Name : Old Net Name=NetR79_1 New Net Name=NetR77_1
Change Net Name : Old Net Name=NetR80_1 New Net Name=NetR78_1
Change Net Name : Old Net Name=NetR81_1 New Net Name=NetR79_1
Change Net Name : Old Net Name=NetR82_1 New Net Name=NetR80_1
Change Net Name : Old Net Name=NetR83_1 New Net Name=NetR81_1
Change Net Name : Old Net Name=NetR86_1 New Net Name=NetR84_1
Change Net Name : Old Net Name=NetR88_1 New Net Name=NetR86_1
Change Net Name : Old Net Name=NetR89_1 New Net Name=NetR87_1
Added Pin To Net: NetName=AM_CRITICAL Pin=D5-D1
Added Net: Name=AM_CRITICAL
Added Pin To Net: NetName=AM_PV Pin=D5-C1
Added Net: Name=AM_PV
Added Pin To Net: NetName=AM_TC Pin=D5-B1
Added Net: Name=AM_TC
Added Pin To Net: NetName=AM_WARNING Pin=D5-D2
Added Net: Name=AM_WARNING
Added Pin To Net: NetName=NetR94_1 Pin=R94-1
Added Pin To Net: NetName=NetR94_1 Pin=R95-2
Added Net: Name=NetR94_1
Add Class Member: Failed to add class member : Component VD26 TM30N03ADF
Add Class Member: Failed to add class member : Component VD28 TM30N03ADF
Add Class Member: Failed to add class member : Component VD31 TM30N03ADF
