Added Component: Designator=D4(HPM6754IVM2_BGA-289_14x14mm)
Add component (AddParameter): Name = "HelpURL"; Value = "https://www.lcsc.com/product-detail/C49451874.html"; VariantName = "[No Variations]"
Add component (AddParameter): Name = "Manufacturer"; Value = "HPMICRO"; VariantName = "[No Variations]"
Add component (AddParameter): Name = "Mfr.Part"; Value = "HPM6754IVM2"; VariantName = "[No Variations]"
Add component (AddParameter): Name = "Value"; Value = "HPM6754IVM2"; VariantName = "[No Variations]"
Add component: Footprint Not Found RES: 0402
Add component: Footprint Not Found RES: 0402
Add component: Footprint Not Found RES: 0402
Add component: Footprint Not Found RES: 0402
Add component: Footprint Not Found RES: 0402
Add component: Footprint Not Found RES: 0402
Add component: Footprint Not Found RES: 0402
Add component: Footprint Not Found RES: 0402
Add component: Footprint Not Found RES: 0402
Add component: Footprint Not Found RES: 0402
Add component: Footprint Not Found RES: 0402
Add component: Footprint Not Found RES: 0402
Add component: Footprint Not Found RES: 0402
Add component: Footprint Not Found RES: 0402
Add component: Footprint Not Found RES: 0402
Add component: Footprint Not Found RES: 0805
Add component: Footprint Not Found RES: 0805
Add component: Footprint Not Found RES: 0805
Add component: Footprint Not Found RES: 0402
Add component: Footprint Not Found RES: 0805
Add component: Footprint Not Found RES: 0402
Add component: Footprint Not Found RES: 0402
Add component: Footprint Not Found RES: 0402
Add component: Footprint Not Found RES: 0402
Add component: Footprint Not Found RES: 0402
Add component: Footprint Not Found RES: 0402
Add component: Footprint Not Found RES: 0805
Add component: Footprint Not Found RES: 0402
Add component: Footprint Not Found RES: 0402
Add component: Footprint Not Found RES: 0402
Add component: Footprint Not Found RES: 0402
Add component: Footprint Not Found RES: 0402
Add component: Footprint Not Found RES: 0402
Add component: Footprint Not Found RES: 0402
Add component: Footprint Not Found RES: 0402
Add component: Footprint Not Found RES: 0402
Add component: Footprint Not Found RES: 0402
Add component: Footprint Not Found RES: 0402
Add component: Footprint Not Found RES: 0402
Add component: Footprint Not Found RES: 0402
Add component: Footprint Not Found RES: 0402
Add component: Footprint Not Found RES: 0402
Add component: Footprint Not Found RES: 0402
Add component: Footprint Not Found RES: 0402
Add component: Footprint Not Found RES: 0402
Add component: Footprint Not Found RES: 0402
Add component: Footprint Not Found RES: 0402
Add component: Footprint Not Found RES: 0402
Add component: Footprint Not Found RES: 0402
Add component: Footprint Not Found RES: 0402
Add component: Footprint Not Found RES: 0402
Add component: Footprint Not Found RES: 0402
Add component: Footprint Not Found RES: 0402
Add component: Footprint Not Found RES: 0402
Add component: Footprint Not Found RES: 0402
Add component: Footprint Not Found RES: 0402
Add component: Footprint Not Found RES: 0402
Add component: Footprint Not Found RES: 0402
Add component: Footprint Not Found RES: 0402
Add component: Footprint Not Found RES: 0402
Add component: Footprint Not Found RES: 0402
Add component: Footprint Not Found RES: 0402
Add component: Footprint Not Found RES: 0402
Add component: Footprint Not Found RES: 0402
Add component: Footprint Not Found RES: 0402
Add component: Footprint Not Found RES: 0402
Add component: Footprint Not Found RES: 0402
Add component: Footprint Not Found RES: 0402
Add component: Footprint Not Found RES: 0402
Add component: Footprint Not Found RES: 0402
Add component: Footprint Not Found RES: 0402
Added Pin To Net: NetName=GND Pin=D4-A1
Added Pin To Net: NetName=IMU_FSYNC_EN Pin=D4-A2
Added Pin To Net: NetName=PB22_SPI2_MOSI Pin=D4-A3
Added Pin To Net: NetName=PB25_SPI2_MISO Pin=D4-A4
Added Pin To Net: NetName=PB30_SPI3_MOSI Pin=D4-A5
Added Pin To Net: NetName=PC3_SPI3_MISO Pin=D4-A6
Added Pin To Net: NetName=BUZZER Pin=D4-A13
Added Pin To Net: NetName=GND Pin=D4-A17
Added Pin To Net: NetName=AM_TC Pin=D4-B1
Added Pin To Net: NetName=STDBY Pin=D4-B2
Added Pin To Net: NetName=PB21_SPI2_SCLK Pin=D4-B3
Added Pin To Net: NetName=PB24_SPI2_CSN Pin=D4-B4
Added Pin To Net: NetName=PB29_SPI3_CSN Pin=D4-B5
Added Pin To Net: NetName=PC2_SPI3_SCLK Pin=D4-B6
Added Pin To Net: NetName=RADIO_INT Pin=D4-B13
Added Pin To Net: NetName=AM_PV Pin=D4-C1
Added Pin To Net: NetName=CHRG Pin=D4-C2
Added Pin To Net: NetName=ACTIVE_LED Pin=D4-C3
Added Pin To Net: NetName=ServoD Pin=D4-C5
Added Pin To Net: NetName=ServoA Pin=D4-C6
Added Pin To Net: NetName=GND Pin=D4-C7
Added Pin To Net: NetName=GND Pin=D4-C11
Added Pin To Net: NetName=IMU1_INT Pin=D4-C13
Added Pin To Net: NetName=SCL1 Pin=D4-C14
Added Pin To Net: NetName=SDA1 Pin=D4-C15
Added Pin To Net: NetName=AM_CRITICAL Pin=D4-D1
Added Pin To Net: NetName=AM_WARNING Pin=D4-D2
Added Pin To Net: NetName=RADIO_CE Pin=D4-D3
Added Pin To Net: NetName=GND Pin=D4-D4
Added Pin To Net: NetName=ServoB Pin=D4-D6
Added Pin To Net: NetName=IMU0_INT Pin=D4-D13
Added Pin To Net: NetName=GND Pin=D4-D14
Added Pin To Net: NetName=PD16_SDC1_DAT4 Pin=D4-D15
Added Pin To Net: NetName=PD17_SDC1_DAT1 Pin=D4-D16
Added Pin To Net: NetName=PD18_SDC1_DAT0 Pin=D4-D17
Added Pin To Net: NetName=LED_7SEG_OE Pin=D4-E1
Added Pin To Net: NetName=LED_7SEG_SCK Pin=D4-E2
Added Pin To Net: NetName=LED_7SEG_CS Pin=D4-E3
Added Pin To Net: NetName=LED_7SEG_D Pin=D4-E4
Added Pin To Net: NetName=ServoC Pin=D4-E6
Added Pin To Net: NetName=BMP_INT Pin=D4-E13
Added Pin To Net: NetName=PD19_SDC1_DAT6 Pin=D4-E14
Added Pin To Net: NetName=PD20_SDC1_DS Pin=D4-E15
Added Pin To Net: NetName=PD21_SDC1_CMD Pin=D4-E16
Added Pin To Net: NetName=PD22_SDC1_CLK Pin=D4-E17
Added Pin To Net: NetName=PyroEN Pin=D4-F1
Added Pin To Net: NetName=ServoEFGH_EN Pin=D4-F2
Added Pin To Net: NetName=ServoEFGH_DCDC_EN Pin=D4-F3
Added Pin To Net: NetName=ServoABCD_EN Pin=D4-F4
Added Pin To Net: NetName=ServoABCD_DCDC_EN Pin=D4-F5
Added Pin To Net: NetName=3V3 Pin=D4-F6
Added Pin To Net: NetName=3V3 Pin=D4-F7
Added Pin To Net: NetName=3V3 Pin=D4-F8
Added Pin To Net: NetName=3V3 Pin=D4-F9
Added Pin To Net: NetName=3V3 Pin=D4-F10
Added Pin To Net: NetName=3V3 Pin=D4-F11
Added Pin To Net: NetName=3V3 Pin=D4-F12
Added Pin To Net: NetName=PD23_SDC1_RSTN Pin=D4-F13
Added Pin To Net: NetName=PD24_SDC1_DAT7 Pin=D4-F14
Added Pin To Net: NetName=PD25_SDC1_DAT5 Pin=D4-F15
Added Pin To Net: NetName=PD26_SDC1_DAT3 Pin=D4-F16
Added Pin To Net: NetName=PD27_SDC1_DAT2 Pin=D4-F17
Added Pin To Net: NetName=ServoE Pin=D4-G1
Added Pin To Net: NetName=ServoG Pin=D4-G2
Added Pin To Net: NetName=GND Pin=D4-G3
Added Pin To Net: NetName=HART_BEAT_LED Pin=D4-G4
Added Pin To Net: NetName=3V3 Pin=D4-G6
Added Pin To Net: NetName=GND Pin=D4-G7
Added Pin To Net: NetName=GND Pin=D4-G8
Added Pin To Net: NetName=GND Pin=D4-G9
Added Pin To Net: NetName=GND Pin=D4-G10
Added Pin To Net: NetName=GND Pin=D4-G11
Added Pin To Net: NetName=3V3 Pin=D4-G12
Added Pin To Net: NetName=GND Pin=D4-G15
Added Pin To Net: NetName=ServoF Pin=D4-H1
Added Pin To Net: NetName=ServoH Pin=D4-H2
Added Pin To Net: NetName=3V3 Pin=D4-H6
Added Pin To Net: NetName=GND Pin=D4-H7
Added Pin To Net: NetName=VDD_SOC Pin=D4-H8
Added Pin To Net: NetName=VDD_SOC Pin=D4-H9
Added Pin To Net: NetName=VDD_SOC Pin=D4-H10
Added Pin To Net: NetName=GND Pin=D4-H11
Added Pin To Net: NetName=3V3 Pin=D4-H12
Added Pin To Net: NetName=PA23_SPI1_MISO Pin=D4-J3
Added Pin To Net: NetName=PA21_SPI1_SCLK Pin=D4-J5
Added Pin To Net: NetName=3V3 Pin=D4-J6
Added Pin To Net: NetName=GND Pin=D4-J7
Added Pin To Net: NetName=VDD_SOC Pin=D4-J8
Added Pin To Net: NetName=VDD_SOC Pin=D4-J9
Added Pin To Net: NetName=VDD_SOC Pin=D4-J10
Added Pin To Net: NetName=GND Pin=D4-J11
Added Pin To Net: NetName=3V3 Pin=D4-J12
Added Pin To Net: NetName=PA18_SPI1_CSN Pin=D4-K3
Added Pin To Net: NetName=PA16_SPI1_MOSI Pin=D4-K5
Added Pin To Net: NetName=3V3 Pin=D4-K6
Added Pin To Net: NetName=GND Pin=D4-K7
Added Pin To Net: NetName=VDD_SOC Pin=D4-K8
Added Pin To Net: NetName=VDD_SOC Pin=D4-K9
Added Pin To Net: NetName=VDD_SOC Pin=D4-K10
Added Pin To Net: NetName=GND Pin=D4-K11
Added Pin To Net: NetName=3V3 Pin=D4-K12
Added Pin To Net: NetName=SCL2 Pin=D4-L1
Added Pin To Net: NetName=SDA2 Pin=D4-L2
Added Pin To Net: NetName=GND Pin=D4-L3
Added Pin To Net: NetName=CAM_PWDN Pin=D4-L4
Added Pin To Net: NetName=CAM_RST Pin=D4-L5
Added Pin To Net: NetName=3V3 Pin=D4-L6
Added Pin To Net: NetName=GND Pin=D4-L7
Added Pin To Net: NetName=GND Pin=D4-L8
Added Pin To Net: NetName=GND Pin=D4-L9
Added Pin To Net: NetName=GND Pin=D4-L10
Added Pin To Net: NetName=GND Pin=D4-L11
Added Pin To Net: NetName=3V3 Pin=D4-L12
Added Pin To Net: NetName=GND Pin=D4-L15
Added Pin To Net: NetName=PA11_CAM0_PIXCLK Pin=D4-M1
Added Pin To Net: NetName=PA10_CAM0_XCLK Pin=D4-M2
Added Pin To Net: NetName=PA9_CAM0_D5 Pin=D4-M3
Added Pin To Net: NetName=PA8_CAM0_D4 Pin=D4-M4
Added Pin To Net: NetName=PA7_CAM0_D2 Pin=D4-M5
Added Pin To Net: NetName=3V3 Pin=D4-M6
Added Pin To Net: NetName=NetC52_2 Pin=D4-M7
Added Pin To Net: NetName=NetC58_2 Pin=D4-M8
Added Pin To Net: NetName=NetC65_2 Pin=D4-M9
Added Pin To Net: NetName=3V3 Pin=D4-M10
Added Pin To Net: NetName=3V3 Pin=D4-M11
Added Pin To Net: NetName=3V3 Pin=D4-M12
Added Pin To Net: NetName=PA6_CAM0_VSYNC Pin=D4-N1
Added Pin To Net: NetName=PA5_CAM0_HSYNC Pin=D4-N2
Added Pin To Net: NetName=PA4_CAM0_D7 Pin=D4-N3
Added Pin To Net: NetName=PA3_CAM0_D3 Pin=D4-N4
Added Pin To Net: NetName=SDA0 Pin=D4-N7
Added Pin To Net: NetName=PZ6_BOOT0 Pin=D4-N9
Added Pin To Net: NetName=NetC47_2 Pin=D4-N12
Added Pin To Net: NetName=PA2_CAM0_D9 Pin=D4-P1
Added Pin To Net: NetName=PA1_CAM0_D8 Pin=D4-P2
Added Pin To Net: NetName=PA0_CAM0_D6 Pin=D4-P3
Added Pin To Net: NetName=GND Pin=D4-P4
Added Pin To Net: NetName=PY3_JTAG_TRST Pin=D4-P6
Added Pin To Net: NetName=SCL0 Pin=D4-P7
Added Pin To Net: NetName=PZ7_BOOT1 Pin=D4-P9
Added Pin To Net: NetName=AVDD_3V3 Pin=D4-P12
Added Pin To Net: NetName=GND Pin=D4-P13
Added Pin To Net: NetName=GND Pin=D4-P14
Added Pin To Net: NetName=GND Pin=D4-R1
Added Pin To Net: NetName=GND Pin=D4-R2
Added Pin To Net: NetName=VDD_1V0 Pin=D4-R3
Added Pin To Net: NetName=NetC50_2 Pin=D4-R4
Added Pin To Net: NetName=PY3_JTAG_TMS Pin=D4-R5
Added Pin To Net: NetName=PY2_JTAG_TCK Pin=D4-R6
Added Pin To Net: NetName=GND Pin=D4-R7
Added Pin To Net: NetName=GND Pin=D4-R8
Added Pin To Net: NetName=PZ1_RESETN Pin=D4-R9
Added Pin To Net: NetName=USR_BUTTON Pin=D4-R10
Added Pin To Net: NetName=GND Pin=D4-R11
Added Pin To Net: NetName=+5V_USB Pin=D4-R12
Added Pin To Net: NetName=PHRES_1 Pin=D4-R17
Added Pin To Net: NetName=NetD4_T1 Pin=D4-T1
Added Pin To Net: NetName=NetD4_T1 Pin=D4-T2
Added Pin To Net: NetName=NetC29_2 Pin=D4-T3
Added Pin To Net: NetName=RXD0 Pin=D4-T5
Added Pin To Net: NetName=PY1_JTAG_TDI Pin=D4-T6
Added Pin To Net: NetName=NetC50_2 Pin=D4-T7
Added Pin To Net: NetName=3V3 Pin=D4-T9
Added Pin To Net: NetName=NetC85_2 Pin=D4-T10
Added Pin To Net: NetName=GND Pin=D4-T11
Added Pin To Net: NetName=DI_P Pin=D4-T12
Added Pin To Net: NetName=DI_N Pin=D4-T13
Added Pin To Net: NetName=PHRES_2 Pin=D4-T17
Added Pin To Net: NetName=GND Pin=D4-U1
Added Pin To Net: NetName=NetC29_2 Pin=D4-U2
Added Pin To Net: NetName=NetC29_2 Pin=D4-U3
Added Pin To Net: NetName=TXD0 Pin=D4-U5
Added Pin To Net: NetName=PY0_JTAG_TDO Pin=D4-U6
Added Pin To Net: NetName=NetC50_2 Pin=D4-U7
Added Pin To Net: NetName=3V3 Pin=D4-U9
Added Pin To Net: NetName=NetC86_2 Pin=D4-U10
Added Pin To Net: NetName=GND Pin=D4-U11
Added Pin To Net: NetName=GND Pin=D4-U17
Add Pin To Net: Unknown Pin: Pin R1-1
Add Pin To Net: Unknown Pin: Pin R1-2
Add Pin To Net: Unknown Pin: Pin R2-1
Add Pin To Net: Unknown Pin: Pin R2-2
Add Pin To Net: Unknown Pin: Pin R3-1
Add Pin To Net: Unknown Pin: Pin R3-2
Add Pin To Net: Unknown Pin: Pin R4-1
Add Pin To Net: Unknown Pin: Pin R4-2
Add Pin To Net: Unknown Pin: Pin R5-1
Add Pin To Net: Unknown Pin: Pin R5-2
Add Pin To Net: Unknown Pin: Pin R6-1
Add Pin To Net: Unknown Pin: Pin R6-2
Add Pin To Net: Unknown Pin: Pin R7-1
Add Pin To Net: Unknown Pin: Pin R7-2
Add Pin To Net: Unknown Pin: Pin R8-1
Add Pin To Net: Unknown Pin: Pin R8-2
Add Pin To Net: Unknown Pin: Pin R9-1
Add Pin To Net: Unknown Pin: Pin R9-2
Add Pin To Net: Unknown Pin: Pin R10-1
Add Pin To Net: Unknown Pin: Pin R10-2
Add Pin To Net: Unknown Pin: Pin R11-1
Add Pin To Net: Unknown Pin: Pin R11-2
Add Pin To Net: Unknown Pin: Pin R12-1
Add Pin To Net: Unknown Pin: Pin R12-2
Add Pin To Net: Unknown Pin: Pin R13-1
Add Pin To Net: Unknown Pin: Pin R13-2
Add Pin To Net: Unknown Pin: Pin R14-1
Add Pin To Net: Unknown Pin: Pin R14-2
Add Pin To Net: Unknown Pin: Pin R17-1
Add Pin To Net: Unknown Pin: Pin R17-2
Add Pin To Net: Unknown Pin: Pin R19-1
Add Pin To Net: Unknown Pin: Pin R19-2
Add Pin To Net: Unknown Pin: Pin R20-1
Add Pin To Net: Unknown Pin: Pin R20-2
Add Pin To Net: Unknown Pin: Pin R21-1
Add Pin To Net: Unknown Pin: Pin R21-2
Add Pin To Net: Unknown Pin: Pin R22-1
Add Pin To Net: Unknown Pin: Pin R22-2
Add Pin To Net: Unknown Pin: Pin R23-1
Add Pin To Net: Unknown Pin: Pin R23-2
Add Pin To Net: Unknown Pin: Pin R24-1
Add Pin To Net: Unknown Pin: Pin R24-2
Add Pin To Net: Unknown Pin: Pin R25-1
Add Pin To Net: Unknown Pin: Pin R25-2
Add Pin To Net: Unknown Pin: Pin R26-1
Add Pin To Net: Unknown Pin: Pin R26-2
Add Pin To Net: Unknown Pin: Pin R27-1
Add Pin To Net: Unknown Pin: Pin R27-2
Add Pin To Net: Unknown Pin: Pin R28-1
Add Pin To Net: Unknown Pin: Pin R28-2
Add Pin To Net: Unknown Pin: Pin R29-1
Add Pin To Net: Unknown Pin: Pin R29-2
Add Pin To Net: Unknown Pin: Pin R30-1
Add Pin To Net: Unknown Pin: Pin R30-2
Add Pin To Net: Unknown Pin: Pin R31-1
Add Pin To Net: Unknown Pin: Pin R31-2
Add Pin To Net: Unknown Pin: Pin R32-1
Add Pin To Net: Unknown Pin: Pin R32-2
Add Pin To Net: Unknown Pin: Pin R33-1
Add Pin To Net: Unknown Pin: Pin R33-2
Add Pin To Net: Unknown Pin: Pin R34-1
Add Pin To Net: Unknown Pin: Pin R34-2
Add Pin To Net: Unknown Pin: Pin R35-1
Add Pin To Net: Unknown Pin: Pin R35-2
Add Pin To Net: Unknown Pin: Pin R36-1
Add Pin To Net: Unknown Pin: Pin R36-2
Add Pin To Net: Unknown Pin: Pin R37-1
Add Pin To Net: Unknown Pin: Pin R37-2
Add Pin To Net: Unknown Pin: Pin R38-1
Add Pin To Net: Unknown Pin: Pin R38-2
Add Pin To Net: Unknown Pin: Pin R39-1
Add Pin To Net: Unknown Pin: Pin R39-2
Add Pin To Net: Unknown Pin: Pin R40-1
Add Pin To Net: Unknown Pin: Pin R40-2
Add Pin To Net: Unknown Pin: Pin R41-1
Add Pin To Net: Unknown Pin: Pin R41-2
Add Pin To Net: Unknown Pin: Pin R42-1
Add Pin To Net: Unknown Pin: Pin R42-2
Add Pin To Net: Unknown Pin: Pin R43-1
Add Pin To Net: Unknown Pin: Pin R43-2
Add Pin To Net: Unknown Pin: Pin R48-1
Add Pin To Net: Unknown Pin: Pin R48-2
Add Pin To Net: Unknown Pin: Pin R49-1
Add Pin To Net: Unknown Pin: Pin R49-2
Add Pin To Net: Unknown Pin: Pin R50-1
Add Pin To Net: Unknown Pin: Pin R50-2
Add Pin To Net: Unknown Pin: Pin R51-1
Add Pin To Net: Unknown Pin: Pin R51-2
Add Pin To Net: Unknown Pin: Pin R52-1
Add Pin To Net: Unknown Pin: Pin R52-2
Add Pin To Net: Unknown Pin: Pin R53-1
Add Pin To Net: Unknown Pin: Pin R53-2
Add Pin To Net: Unknown Pin: Pin R54-1
Add Pin To Net: Unknown Pin: Pin R54-2
Add Pin To Net: Unknown Pin: Pin R55-1
Add Pin To Net: Unknown Pin: Pin R55-2
Add Pin To Net: Unknown Pin: Pin R56-1
Add Pin To Net: Unknown Pin: Pin R56-2
Add Pin To Net: Unknown Pin: Pin R57-1
Add Pin To Net: Unknown Pin: Pin R57-2
Add Pin To Net: Unknown Pin: Pin R58-1
Add Pin To Net: Unknown Pin: Pin R58-2
Add Pin To Net: Unknown Pin: Pin R59-1
Add Pin To Net: Unknown Pin: Pin R59-2
Add Pin To Net: Unknown Pin: Pin R60-1
Add Pin To Net: Unknown Pin: Pin R60-2
Add Pin To Net: Unknown Pin: Pin R61-1
Add Pin To Net: Unknown Pin: Pin R61-2
Add Pin To Net: Unknown Pin: Pin R63-1
Add Pin To Net: Unknown Pin: Pin R63-2
Add Pin To Net: Unknown Pin: Pin R67-1
Add Pin To Net: Unknown Pin: Pin R67-2
Add Pin To Net: Unknown Pin: Pin R68-1
Add Pin To Net: Unknown Pin: Pin R68-2
Add Pin To Net: Unknown Pin: Pin R69-1
Add Pin To Net: Unknown Pin: Pin R69-2
Add Pin To Net: Unknown Pin: Pin R70-1
Add Pin To Net: Unknown Pin: Pin R70-2
Add Pin To Net: Unknown Pin: Pin R71-1
Add Pin To Net: Unknown Pin: Pin R71-2
Add Pin To Net: Unknown Pin: Pin R72-1
Add Pin To Net: Unknown Pin: Pin R72-2
Add Pin To Net: Unknown Pin: Pin R73-1
Add Pin To Net: Unknown Pin: Pin R73-2
Add Pin To Net: Unknown Pin: Pin R74-1
Add Pin To Net: Unknown Pin: Pin R74-2
Add Pin To Net: Unknown Pin: Pin R75-1
Add Pin To Net: Unknown Pin: Pin R75-2
Add Pin To Net: Unknown Pin: Pin R76-1
Add Pin To Net: Unknown Pin: Pin R76-2
Add Pin To Net: Unknown Pin: Pin R77-1
Add Pin To Net: Unknown Pin: Pin R77-2
Add Pin To Net: Unknown Pin: Pin R78-1
Add Pin To Net: Unknown Pin: Pin R78-2
Add Pin To Net: Unknown Pin: Pin R79-1
Add Pin To Net: Unknown Pin: Pin R79-2
Add Pin To Net: Unknown Pin: Pin R80-1
Add Pin To Net: Unknown Pin: Pin R80-2
Add Pin To Net: Unknown Pin: Pin R81-1
Add Pin To Net: Unknown Pin: Pin R81-2
Add Pin To Net: Unknown Pin: Pin R82-1
Add Pin To Net: Unknown Pin: Pin R82-2
Added Member To Class: ClassName=KA2_4 Member=Component D4 HPM6754IVM2
Add Class Member: Failed to add class member : Component R1 Resistor, 470k, ±1%, 0402
Add Class Member: Failed to add class member : Component R2 Resistor, 118k, ±1%, 0402
Add Class Member: Failed to add class member : Component R3 Resistor, 28,7k, ±1%, 0402
Add Class Member: Failed to add class member : Component R4 Resistor, 267k, ±1%, 0402
Add Class Member: Failed to add class member : Component R5 Resistor, 124k, ±1%, 0402
Add Class Member: Failed to add class member : Component R6 Resistor, 10k, ±1%, 0402
Add Class Member: Failed to add class member : Component R7 Resistor, 470k, ±1%, 0402
Add Class Member: Failed to add class member : Component R8 Resistor, 118k, ±1%, 0402
Add Class Member: Failed to add class member : Component R9 Resistor, 28,7k, ±1%, 0402
Add Class Member: Failed to add class member : Component R10 Resistor, 267k, ±1%, 0402
Add Class Member: Failed to add class member : Component R11 Resistor, 124k, ±1%, 0402
Add Class Member: Failed to add class member : Component R12 Resistor, 10k, ±1%, 0402
Add Class Member: Failed to add class member : Component R13 Resistor, 10k, ±1%, 0402
Add Class Member: Failed to add class member : Component R14 Resistor, 10k, ±1%, 0402
Add Class Member: Failed to add class member : Component R17 Resistor, 10k, ±1%, 0402
Add Class Member: Failed to add class member : Component R19 Resistor, 0, ±1%, 0805
Add Class Member: Failed to add class member : Component R20 Resistor, 0, ±1%, 0805
Add Class Member: Failed to add class member : Component R21 Resistor, 0, ±1%, 0805
Add Class Member: Failed to add class member : Component R22 Resistor, 1k, ±1%, 0402
Add Class Member: Failed to add class member : Component R23 Resistor, 0, ±1%, 0805
Add Class Member: Failed to add class member : Component R24 Resistor, 5,1k, ±1%, 0402
Add Class Member: Failed to add class member : Component R25 Resistor, 1k, ±1%, 0402
Add Class Member: Failed to add class member : Component R26 Resistor, 5,1k, ±1%, 0402
Add Class Member: Failed to add class member : Component R27 Resistor, 1k, ±1%, 0402
Add Class Member: Failed to add class member : Component R28 Resistor, 100, ±1%, 0402
Add Class Member: Failed to add class member : Component R29 Resistor, 1k, ±1%, 0402
Add Class Member: Failed to add class member : Component R30 Resistor, 100, ±1%, 0805
Add Class Member: Failed to add class member : Component R31 Resistor, 10k, ±1%, 0402
Add Class Member: Failed to add class member : Component R32 Resistor, 30,9k, ±1%, 0402
Add Class Member: Failed to add class member : Component R33 Resistor, 10k, ±1%, 0402
Add Class Member: Failed to add class member : Component R34 Resistor, 10k, ±1%, 0402
Add Class Member: Failed to add class member : Component R35 Resistor, 10k, ±1%, 0402
Add Class Member: Failed to add class member : Component R36 Resistor, 10k, ±1%, 0402
Add Class Member: Failed to add class member : Component R37 Resistor, 2M, ±1%, 0402
Add Class Member: Failed to add class member : Component R38 Resistor, 5,1k, ±1%, 0402
Add Class Member: Failed to add class member : Component R39 Resistor, 5,1k, ±1%, 0402
Add Class Member: Failed to add class member : Component R40 Resistor, 1k, ±1%, 0402
Add Class Member: Failed to add class member : Component R41 Resistor, 10k, ±1%, 0402
Add Class Member: Failed to add class member : Component R42 Resistor, 130, ±1%, 0402
Add Class Member: Failed to add class member : Component R43 Resistor, 1k, ±1%, 0402
Add Class Member: Failed to add class member : Component R48 Resistor, 10k, ±1%, 0402
Add Class Member: Failed to add class member : Component R49 Resistor, 22k, ±1%, 0402
Add Class Member: Failed to add class member : Component R50 Resistor, 10k, ±1%, 0402
Add Class Member: Failed to add class member : Component R51 Resistor, 1k, ±1%, 0402
Add Class Member: Failed to add class member : Component R52 Resistor, 1k, ±1%, 0402
Add Class Member: Failed to add class member : Component R53 Resistor, 1k, ±1%, 0402
Add Class Member: Failed to add class member : Component R54 Resistor, 1k, ±1%, 0402
Add Class Member: Failed to add class member : Component R55 Resistor, 1k, ±1%, 0402
Add Class Member: Failed to add class member : Component R56 Resistor, 1k, ±1%, 0402
Add Class Member: Failed to add class member : Component R57 Resistor, 1k, ±1%, 0402
Add Class Member: Failed to add class member : Component R58 Resistor, 1k, ±1%, 0402
Add Class Member: Failed to add class member : Component R59 Resistor, 130, ±1%, 0402
Add Class Member: Failed to add class member : Component R60 Resistor, 130, ±1%, 0402
Add Class Member: Failed to add class member : Component R61 Resistor, 130, ±1%, 0402
Add Class Member: Failed to add class member : Component R63 Resistor, 130, ±1%, 0402
Add Class Member: Failed to add class member : Component R67 Resistor, 5,1k, ±1%, 0402
Add Class Member: Failed to add class member : Component R68 Resistor, 1k, ±1%, 0402
Add Class Member: Failed to add class member : Component R69 Resistor, 10k, ±1%, 0402
Add Class Member: Failed to add class member : Component R70 Resistor, 5,1k, ±1%, 0402
Add Class Member: Failed to add class member : Component R71 Resistor, 1k, ±1%, 0402
Add Class Member: Failed to add class member : Component R72 Resistor, 10k, ±1%, 0402
Add Class Member: Failed to add class member : Component R73 Resistor, 10k, ±1%, 0402
Add Class Member: Failed to add class member : Component R74 Resistor, 24,9k, ±1%, 0402
Add Class Member: Failed to add class member : Component R75 Resistor, 10k, ±1%, 0402
Add Class Member: Failed to add class member : Component R76 Resistor, 5,1k, ±1%, 0402
Add Class Member: Failed to add class member : Component R77 Resistor, 5,1k, ±1%, 0402
Add Class Member: Failed to add class member : Component R78 Resistor, 130, ±1%, 0402
Add Class Member: Failed to add class member : Component R79 Resistor, 10k, ±1%, 0402
Add Class Member: Failed to add class member : Component R80 Resistor, 10k, ±1%, 0402
Add Class Member: Failed to add class member : Component R81 Resistor, 8,87k, ±1%, 0402
Add Class Member: Failed to add class member : Component R82 Resistor, 10k, ±1%, 0402
