Change Value of Parameter ValueManufacturerPartNumber in Part R65 Old=#NAME? New==TypeResistor+', '+Value+', '+Tolerance+', '+Package
Change Value of Parameter ValueManufacturerPartNumber in Part R66 Old=Resistor, 33, Ý1%, 0402 New==TypeResistor+', '+Value+', '+Tolerance+', '+Package
Change Value of Parameter ValueManufacturerPartNumber in Part R67 Old=#NAME? New==TypeResistor+', '+Value+', '+Tolerance+', '+Package
Change Value of Parameter ValueManufacturerPartNumber in Part R68 Old=Resistor, 33, Ý1%, 0402 New==TypeResistor+', '+Value+', '+Tolerance+', '+Package
Change Value of Parameter ValueManufacturerPartNumber in Part R69 Old=Resistor, 33, Ý1%, 0402 New==TypeResistor+', '+Value+', '+Tolerance+', '+Package
Change Value of Parameter ValueManufacturerPartNumber in Part R70 Old=Resistor, 33, Ý1%, 0402 New==TypeResistor+', '+Value+', '+Tolerance+', '+Package
Change Value of Parameter ValueManufacturerPartNumber in Part R71 Old=Resistor, 33, Ý1%, 0402 New==TypeResistor+', '+Value+', '+Tolerance+', '+Package
Change Value of Parameter ValueManufacturerPartNumber in Part R72 Old=Resistor, 33, Ý1%, 0402 New==TypeResistor+', '+Value+', '+Tolerance+', '+Package
Change Value of Parameter ValueManufacturerPartNumber in Part R73 Old=Resistor, 33, Ý1%, 0402 New==TypeResistor+', '+Value+', '+Tolerance+', '+Package
Change Value of Parameter ValueManufacturerPartNumber in Part R74 Old=Resistor, 33, Ý1%, 0402 New==TypeResistor+', '+Value+', '+Tolerance+', '+Package
Change Value of Parameter ValueManufacturerPartNumber in Part R75 Old=Resistor, 33, Ý1%, 0402 New==TypeResistor+', '+Value+', '+Tolerance+', '+Package
Change Value of Parameter ValueManufacturerPartNumber in Part R76 Old=Resistor, 33, Ý1%, 0402 New==TypeResistor+', '+Value+', '+Tolerance+', '+Package
Change Value of Parameter ValueManufacturerPartNumber in Part R77 Old=Resistor, 33, Ý1%, 0402 New==TypeResistor+', '+Value+', '+Tolerance+', '+Package
Change Value of Parameter ValueManufacturerPartNumber in Part R78 Old=Resistor, 33, Ý1%, 0402 New==TypeResistor+', '+Value+', '+Tolerance+', '+Package
Change Value of Parameter ValueManufacturerPartNumber in Part R79 Old=Resistor, 33, Ý1%, 0402 New==TypeResistor+', '+Value+', '+Tolerance+', '+Package
Change Value of Parameter ValueManufacturerPartNumber in Part R80 Old=Resistor, 5,1k, Ý1%, 0402 New==TypeResistor+', '+Value+', '+Tolerance+', '+Package
Change Value of Parameter ValueManufacturerPartNumber in Part R81 Old=Resistor, 1k, Ý1%, 0402 New==TypeResistor+', '+Value+', '+Tolerance+', '+Package
Change Value of Parameter ValueManufacturerPartNumber in Part R82 Old=Resistor, 33, Ý1%, 0402 New==TypeResistor+', '+Value+', '+Tolerance+', '+Package
Change Value of Parameter ValueManufacturerPartNumber in Part R83 Old=Resistor, 10k, Ý1%, 0402 New==TypeResistor+', '+Value+', '+Tolerance+', '+Package
Change Value of Parameter ValueManufacturerPartNumber in Part R84 Old=Resistor, 33, Ý1%, 0402 New==TypeResistor+', '+Value+', '+Tolerance+', '+Package
Change Value of Parameter ValueManufacturerPartNumber in Part R85 Old=Resistor, 33, Ý1%, 0402 New==TypeResistor+', '+Value+', '+Tolerance+', '+Package
Change Value of Parameter ValueManufacturerPartNumber in Part R86 Old=Resistor, 5,1k, Ý1%, 0402 New==TypeResistor+', '+Value+', '+Tolerance+', '+Package
Change Value of Parameter ValueManufacturerPartNumber in Part R87 Old=Resistor, 1k, Ý1%, 0402 New==TypeResistor+', '+Value+', '+Tolerance+', '+Package
Change Value of Parameter ValueManufacturerPartNumber in Part R88 Old=Resistor, 10k, Ý1%, 0402 New==TypeResistor+', '+Value+', '+Tolerance+', '+Package
Change Value of Parameter ValueManufacturerPartNumber in Part R89 Old=Resistor, 10k, Ý1%, 0402 New==TypeResistor+', '+Value+', '+Tolerance+', '+Package
Change Value of Parameter ValueManufacturerPartNumber in Part R90 Old=Resistor, 24,9k, Ý1%, 0402 New==TypeResistor+', '+Value+', '+Tolerance+', '+Package
Change Value of Parameter ValueManufacturerPartNumber in Part R91 Old=Resistor, 10k, Ý1%, 0402 New==TypeResistor+', '+Value+', '+Tolerance+', '+Package
Change Value of Parameter ValueManufacturerPartNumber in Part R92 Old=Resistor, 33, Ý1%, 0402 New==TypeResistor+', '+Value+', '+Tolerance+', '+Package
Change Value of Parameter ValueManufacturerPartNumber in Part R93 Old=Resistor, 10k, Ý1%, 0402 New==TypeResistor+', '+Value+', '+Tolerance+', '+Package
Change Value of Parameter ValueManufacturerPartNumber in Part R94 Old=Resistor, 10k, Ý1%, 0402 New==TypeResistor+', '+Value+', '+Tolerance+', '+Package
Change Value of Parameter ValueManufacturerPartNumber in Part R95 Old=Resistor, 8,87k, Ý1%, 0402 New==TypeResistor+', '+Value+', '+Tolerance+', '+Package
Change Value of Parameter ValueManufacturerPartNumber in Part R96 Old=Resistor, 10k, Ý1%, 0402 New==TypeResistor+', '+Value+', '+Tolerance+', '+Package
Replace Symbol from R65 Resistor_0402 in C:\Users\ôÒõ·ŸÞ\Documents\KA2\KA2_6.SchDoc with Resistor_0402 from Barsotion.IntLib
Replace Symbol from R66 Resistor_0402 in C:\Users\ôÒõ·ŸÞ\Documents\KA2\KA2_6.SchDoc with Resistor_0402 from Barsotion.IntLib
Replace Symbol from R67 Resistor_0402 in C:\Users\ôÒõ·ŸÞ\Documents\KA2\KA2_6.SchDoc with Resistor_0402 from Barsotion.IntLib
Replace Symbol from R68 Resistor_0402 in C:\Users\ôÒõ·ŸÞ\Documents\KA2\KA2_6.SchDoc with Resistor_0402 from Barsotion.IntLib
Replace Symbol from R69 Resistor_0402 in C:\Users\ôÒõ·ŸÞ\Documents\KA2\KA2_6.SchDoc with Resistor_0402 from Barsotion.IntLib
Replace Symbol from R70 Resistor_0402 in C:\Users\ôÒõ·ŸÞ\Documents\KA2\KA2_6.SchDoc with Resistor_0402 from Barsotion.IntLib
Replace Symbol from R71 Resistor_0402 in C:\Users\ôÒõ·ŸÞ\Documents\KA2\KA2_6.SchDoc with Resistor_0402 from Barsotion.IntLib
Replace Symbol from R72 Resistor_0402 in C:\Users\ôÒõ·ŸÞ\Documents\KA2\KA2_6.SchDoc with Resistor_0402 from Barsotion.IntLib
Replace Symbol from R73 Resistor_0402 in C:\Users\ôÒõ·ŸÞ\Documents\KA2\KA2_6.SchDoc with Resistor_0402 from Barsotion.IntLib
Replace Symbol from R74 Resistor_0402 in C:\Users\ôÒõ·ŸÞ\Documents\KA2\KA2_6.SchDoc with Resistor_0402 from Barsotion.IntLib
Replace Symbol from R75 Resistor_0402 in C:\Users\ôÒõ·ŸÞ\Documents\KA2\KA2_6.SchDoc with Resistor_0402 from Barsotion.IntLib
Replace Symbol from R76 Resistor_0402 in C:\Users\ôÒõ·ŸÞ\Documents\KA2\KA2_6.SchDoc with Resistor_0402 from Barsotion.IntLib
Replace Symbol from R77 Resistor_0402 in C:\Users\ôÒõ·ŸÞ\Documents\KA2\KA2_6.SchDoc with Resistor_0402 from Barsotion.IntLib
Replace Symbol from R78 Resistor_0402 in C:\Users\ôÒõ·ŸÞ\Documents\KA2\KA2_6.SchDoc with Resistor_0402 from Barsotion.IntLib
Replace Symbol from R79 Resistor_0402 in C:\Users\ôÒõ·ŸÞ\Documents\KA2\KA2_6.SchDoc with Resistor_0402 from Barsotion.IntLib
Replace Symbol from R80 Resistor_0402 in C:\Users\ôÒõ·ŸÞ\Documents\KA2\KA2_6.SchDoc with Resistor_0402 from Barsotion.IntLib
Replace Symbol from R81 Resistor_0402 in C:\Users\ôÒõ·ŸÞ\Documents\KA2\KA2_6.SchDoc with Resistor_0402 from Barsotion.IntLib
Replace Symbol from R82 Resistor_0402 in C:\Users\ôÒõ·ŸÞ\Documents\KA2\KA2_6.SchDoc with Resistor_0402 from Barsotion.IntLib
Replace Symbol from R83 Resistor_0402 in C:\Users\ôÒõ·ŸÞ\Documents\KA2\KA2_6.SchDoc with Resistor_0402 from Barsotion.IntLib
Replace Symbol from R84 Resistor_0402 in C:\Users\ôÒõ·ŸÞ\Documents\KA2\KA2_6.SchDoc with Resistor_0402 from Barsotion.IntLib
Replace Symbol from R85 Resistor_0402 in C:\Users\ôÒõ·ŸÞ\Documents\KA2\KA2_6.SchDoc with Resistor_0402 from Barsotion.IntLib
Replace Symbol from R86 Resistor_0402 in C:\Users\ôÒõ·ŸÞ\Documents\KA2\KA2_6.SchDoc with Resistor_0402 from Barsotion.IntLib
Replace Symbol from R87 Resistor_0402 in C:\Users\ôÒõ·ŸÞ\Documents\KA2\KA2_6.SchDoc with Resistor_0402 from Barsotion.IntLib
Replace Symbol from R88 Resistor_0402 in C:\Users\ôÒõ·ŸÞ\Documents\KA2\KA2_6.SchDoc with Resistor_0402 from Barsotion.IntLib
Replace Symbol from R89 Resistor_0402 in C:\Users\ôÒõ·ŸÞ\Documents\KA2\KA2_6.SchDoc with Resistor_0402 from Barsotion.IntLib
Replace Symbol from R90 Resistor_0402 in C:\Users\ôÒõ·ŸÞ\Documents\KA2\KA2_6.SchDoc with Resistor_0402 from Barsotion.IntLib
Replace Symbol from R91 Resistor_0402 in C:\Users\ôÒõ·ŸÞ\Documents\KA2\KA2_6.SchDoc with Resistor_0402 from Barsotion.IntLib
Replace Symbol from R92 Resistor_0402 in C:\Users\ôÒõ·ŸÞ\Documents\KA2\KA2_6.SchDoc with Resistor_0402 from Barsotion.IntLib
Replace Symbol from R93 Resistor_0402 in C:\Users\ôÒõ·ŸÞ\Documents\KA2\KA2_6.SchDoc with Resistor_0402 from Barsotion.IntLib
Replace Symbol from R94 Resistor_0402 in C:\Users\ôÒõ·ŸÞ\Documents\KA2\KA2_6.SchDoc with Resistor_0402 from Barsotion.IntLib
Replace Symbol from R95 Resistor_0402 in C:\Users\ôÒõ·ŸÞ\Documents\KA2\KA2_6.SchDoc with Resistor_0402 from Barsotion.IntLib
Replace Symbol from R96 Resistor_0402 in C:\Users\ôÒõ·ŸÞ\Documents\KA2\KA2_6.SchDoc with Resistor_0402 from Barsotion.IntLib
