Change Value of Parameter ValueManufacturerPartNumber in Part R59 Old=Resistor, 130, ±1%, 0402 New==TypeResistor+', '+Value+', '+Tolerance+', '+Package
Change Value of Parameter ValueManufacturerPartNumber in Part R60 Old=Resistor, 130, ±1%, 0402 New==TypeResistor+', '+Value+', '+Tolerance+', '+Package
Change Value of Parameter ValueManufacturerPartNumber in Part R61 Old=Resistor, 130, ±1%, 0402 New==TypeResistor+', '+Value+', '+Tolerance+', '+Package
Change Value of Parameter ValueManufacturerPartNumber in Part R62 Old=Resistor array (4), 33, ±1%, 0402 New==TypeResistor+', '+Value+', '+Tolerance+', '+Package
Change Value of Parameter ValueManufacturerPartNumber in Part R62 Old=Resistor array (4), 33, ±1%, 0402 New==TypeResistor+', '+Value+', '+Tolerance+', '+Package
Change Value of Parameter ValueManufacturerPartNumber in Part R62 Old=Resistor array (4), 33, ±1%, 0402 New==TypeResistor+', '+Value+', '+Tolerance+', '+Package
Change Value of Parameter ValueManufacturerPartNumber in Part R62 Old=Resistor array (4), 33, ±1%, 0402 New==TypeResistor+', '+Value+', '+Tolerance+', '+Package
Change Value of Parameter ValueManufacturerPartNumber in Part R63 Old=Resistor, 130, ±1%, 0402 New==TypeResistor+', '+Value+', '+Tolerance+', '+Package
Change Value of Parameter ValueManufacturerPartNumber in Part R64 Old=Resistor array (4), 33, ±1%, 0402 New==TypeResistor+', '+Value+', '+Tolerance+', '+Package
Change Value of Parameter ValueManufacturerPartNumber in Part R64 Old=Resistor array (4), 33, ±1%, 0402 New==TypeResistor+', '+Value+', '+Tolerance+', '+Package
Change Value of Parameter ValueManufacturerPartNumber in Part R64 Old=Resistor array (4), 33, ±1%, 0402 New==TypeResistor+', '+Value+', '+Tolerance+', '+Package
Change Value of Parameter ValueManufacturerPartNumber in Part R64 Old=Resistor array (4), 33, ±1%, 0402 New==TypeResistor+', '+Value+', '+Tolerance+', '+Package
Change Value of Parameter ValueManufacturerPartNumber in Part R65 Old=Resistor array (4), 33, ±1%, 0402 New==TypeResistor+', '+Value+', '+Tolerance+', '+Package
Change Value of Parameter ValueManufacturerPartNumber in Part R65 Old=Resistor array (4), 33, ±1%, 0402 New==TypeResistor+', '+Value+', '+Tolerance+', '+Package
Change Value of Parameter ValueManufacturerPartNumber in Part R65 Old=Resistor array (4), 33, ±1%, 0402 New==TypeResistor+', '+Value+', '+Tolerance+', '+Package
Change Value of Parameter ValueManufacturerPartNumber in Part R65 Old=Resistor array (4), 33, ±1%, 0402 New==TypeResistor+', '+Value+', '+Tolerance+', '+Package
Change Value of Parameter ValueManufacturerPartNumber in Part R66 Old=Resistor array (4), 33, ±1%, 0402 New==TypeResistor+', '+Value+', '+Tolerance+', '+Package
Change Value of Parameter ValueManufacturerPartNumber in Part R66 Old=Resistor array (4), 33, ±1%, 0402 New==TypeResistor+', '+Value+', '+Tolerance+', '+Package
Change Value of Parameter ValueManufacturerPartNumber in Part R66 Old=Resistor array (4), 33, ±1%, 0402 New==TypeResistor+', '+Value+', '+Tolerance+', '+Package
Change Value of Parameter ValueManufacturerPartNumber in Part R66 Old=Resistor array (4), 33, ±1%, 0402 New==TypeResistor+', '+Value+', '+Tolerance+', '+Package
Change Value of Parameter ValueManufacturerPartNumber in Part R67 Old=Resistor, 5,1k, ±1%, 0402 New==TypeResistor+', '+Value+', '+Tolerance+', '+Package
Change Value of Parameter ValueManufacturerPartNumber in Part R68 Old=Resistor, 1k, ±1%, 0402 New==TypeResistor+', '+Value+', '+Tolerance+', '+Package
Change Value of Parameter ValueManufacturerPartNumber in Part R69 Old=Resistor, 10k, ±1%, 0402 New==TypeResistor+', '+Value+', '+Tolerance+', '+Package
Change Value of Parameter ValueManufacturerPartNumber in Part R70 Old=Resistor, 5,1k, ±1%, 0402 New==TypeResistor+', '+Value+', '+Tolerance+', '+Package
Change Value of Parameter ValueManufacturerPartNumber in Part R71 Old=Resistor, 1k, ±1%, 0402 New==TypeResistor+', '+Value+', '+Tolerance+', '+Package
Change Value of Parameter ValueManufacturerPartNumber in Part R72 Old=Resistor, 10k, ±1%, 0402 New==TypeResistor+', '+Value+', '+Tolerance+', '+Package
Change Value of Parameter ValueManufacturerPartNumber in Part R73 Old=Resistor, 10k, ±1%, 0402 New==TypeResistor+', '+Value+', '+Tolerance+', '+Package
Change Value of Parameter ValueManufacturerPartNumber in Part R74 Old=Resistor, 24,9k, ±1%, 0402 New==TypeResistor+', '+Value+', '+Tolerance+', '+Package
Change Value of Parameter ValueManufacturerPartNumber in Part R75 Old=Resistor, 10k, ±1%, 0402 New==TypeResistor+', '+Value+', '+Tolerance+', '+Package
Change Value of Parameter ValueManufacturerPartNumber in Part R76 Old=Resistor, 5,1k, ±1%, 0402 New==TypeResistor+', '+Value+', '+Tolerance+', '+Package
Change Value of Parameter ValueManufacturerPartNumber in Part R77 Old=Resistor, 5,1k, ±1%, 0402 New==TypeResistor+', '+Value+', '+Tolerance+', '+Package
Change Value of Parameter ValueManufacturerPartNumber in Part R78 Old=Resistor, 130, ±1%, 0402 New==TypeResistor+', '+Value+', '+Tolerance+', '+Package
Change Value of Parameter ValueManufacturerPartNumber in Part R79 Old=Resistor, 10k, ±1%, 0402 New==TypeResistor+', '+Value+', '+Tolerance+', '+Package
Change Value of Parameter ValueManufacturerPartNumber in Part R80 Old=Resistor, 10k, ±1%, 0402 New==TypeResistor+', '+Value+', '+Tolerance+', '+Package
Change Value of Parameter ValueManufacturerPartNumber in Part R81 Old=Resistor, 8,87k, ±1%, 0402 New==TypeResistor+', '+Value+', '+Tolerance+', '+Package
Change Value of Parameter ValueManufacturerPartNumber in Part R82 Old=Resistor, 10k, ±1%, 0402 New==TypeResistor+', '+Value+', '+Tolerance+', '+Package
Replace Symbol from R59 Resistor_0402 in C:\Users\Âčęňîđ\Documents\KA2\KA2_6.SchDoc with Resistor_0402 from Barsotion.IntLib
Replace Symbol from R60 Resistor_0402 in C:\Users\Âčęňîđ\Documents\KA2\KA2_6.SchDoc with Resistor_0402 from Barsotion.IntLib
Replace Symbol from R61 Resistor_0402 in C:\Users\Âčęňîđ\Documents\KA2\KA2_6.SchDoc with Resistor_0402 from Barsotion.IntLib
Replace Symbol from R62 ResistorArray_0402_4 in C:\Users\Âčęňîđ\Documents\KA2\KA2_6.SchDoc with ResistorArray_0402_4 from Barsotion.IntLib
Replace Symbol from R62 ResistorArray_0402_4 in C:\Users\Âčęňîđ\Documents\KA2\KA2_6.SchDoc with ResistorArray_0402_4 from Barsotion.IntLib
Replace Symbol from R62 ResistorArray_0402_4 in C:\Users\Âčęňîđ\Documents\KA2\KA2_6.SchDoc with ResistorArray_0402_4 from Barsotion.IntLib
Replace Symbol from R62 ResistorArray_0402_4 in C:\Users\Âčęňîđ\Documents\KA2\KA2_6.SchDoc with ResistorArray_0402_4 from Barsotion.IntLib
Replace Symbol from R63 Resistor_0402 in C:\Users\Âčęňîđ\Documents\KA2\KA2_6.SchDoc with Resistor_0402 from Barsotion.IntLib
Replace Symbol from R64 ResistorArray_0402_4 in C:\Users\Âčęňîđ\Documents\KA2\KA2_6.SchDoc with ResistorArray_0402_4 from Barsotion.IntLib
Replace Symbol from R64 ResistorArray_0402_4 in C:\Users\Âčęňîđ\Documents\KA2\KA2_6.SchDoc with ResistorArray_0402_4 from Barsotion.IntLib
Replace Symbol from R64 ResistorArray_0402_4 in C:\Users\Âčęňîđ\Documents\KA2\KA2_6.SchDoc with ResistorArray_0402_4 from Barsotion.IntLib
Replace Symbol from R64 ResistorArray_0402_4 in C:\Users\Âčęňîđ\Documents\KA2\KA2_6.SchDoc with ResistorArray_0402_4 from Barsotion.IntLib
Replace Symbol from R65 ResistorArray_0402_4 in C:\Users\Âčęňîđ\Documents\KA2\KA2_6.SchDoc with ResistorArray_0402_4 from Barsotion.IntLib
Replace Symbol from R65 ResistorArray_0402_4 in C:\Users\Âčęňîđ\Documents\KA2\KA2_6.SchDoc with ResistorArray_0402_4 from Barsotion.IntLib
Replace Symbol from R65 ResistorArray_0402_4 in C:\Users\Âčęňîđ\Documents\KA2\KA2_6.SchDoc with ResistorArray_0402_4 from Barsotion.IntLib
Replace Symbol from R65 ResistorArray_0402_4 in C:\Users\Âčęňîđ\Documents\KA2\KA2_6.SchDoc with ResistorArray_0402_4 from Barsotion.IntLib
Replace Symbol from R66 ResistorArray_0402_4 in C:\Users\Âčęňîđ\Documents\KA2\KA2_6.SchDoc with ResistorArray_0402_4 from Barsotion.IntLib
Replace Symbol from R66 ResistorArray_0402_4 in C:\Users\Âčęňîđ\Documents\KA2\KA2_6.SchDoc with ResistorArray_0402_4 from Barsotion.IntLib
Replace Symbol from R66 ResistorArray_0402_4 in C:\Users\Âčęňîđ\Documents\KA2\KA2_6.SchDoc with ResistorArray_0402_4 from Barsotion.IntLib
Replace Symbol from R66 ResistorArray_0402_4 in C:\Users\Âčęňîđ\Documents\KA2\KA2_6.SchDoc with ResistorArray_0402_4 from Barsotion.IntLib
Replace Symbol from R67 Resistor_0402 in C:\Users\Âčęňîđ\Documents\KA2\KA2_6.SchDoc with Resistor_0402 from Barsotion.IntLib
Replace Symbol from R68 Resistor_0402 in C:\Users\Âčęňîđ\Documents\KA2\KA2_6.SchDoc with Resistor_0402 from Barsotion.IntLib
Replace Symbol from R69 Resistor_0402 in C:\Users\Âčęňîđ\Documents\KA2\KA2_6.SchDoc with Resistor_0402 from Barsotion.IntLib
Replace Symbol from R70 Resistor_0402 in C:\Users\Âčęňîđ\Documents\KA2\KA2_6.SchDoc with Resistor_0402 from Barsotion.IntLib
Replace Symbol from R71 Resistor_0402 in C:\Users\Âčęňîđ\Documents\KA2\KA2_6.SchDoc with Resistor_0402 from Barsotion.IntLib
Replace Symbol from R72 Resistor_0402 in C:\Users\Âčęňîđ\Documents\KA2\KA2_6.SchDoc with Resistor_0402 from Barsotion.IntLib
Replace Symbol from R73 Resistor_0402 in C:\Users\Âčęňîđ\Documents\KA2\KA2_6.SchDoc with Resistor_0402 from Barsotion.IntLib
Replace Symbol from R74 Resistor_0402 in C:\Users\Âčęňîđ\Documents\KA2\KA2_6.SchDoc with Resistor_0402 from Barsotion.IntLib
Replace Symbol from R75 Resistor_0402 in C:\Users\Âčęňîđ\Documents\KA2\KA2_6.SchDoc with Resistor_0402 from Barsotion.IntLib
Replace Symbol from R76 Resistor_0402 in C:\Users\Âčęňîđ\Documents\KA2\KA2_6.SchDoc with Resistor_0402 from Barsotion.IntLib
Replace Symbol from R77 Resistor_0402 in C:\Users\Âčęňîđ\Documents\KA2\KA2_6.SchDoc with Resistor_0402 from Barsotion.IntLib
Replace Symbol from R78 Resistor_0402 in C:\Users\Âčęňîđ\Documents\KA2\KA2_6.SchDoc with Resistor_0402 from Barsotion.IntLib
Replace Symbol from R79 Resistor_0402 in C:\Users\Âčęňîđ\Documents\KA2\KA2_6.SchDoc with Resistor_0402 from Barsotion.IntLib
Replace Symbol from R80 Resistor_0402 in C:\Users\Âčęňîđ\Documents\KA2\KA2_6.SchDoc with Resistor_0402 from Barsotion.IntLib
Replace Symbol from R81 Resistor_0402 in C:\Users\Âčęňîđ\Documents\KA2\KA2_6.SchDoc with Resistor_0402 from Barsotion.IntLib
Replace Symbol from R82 Resistor_0402 in C:\Users\Âčęňîđ\Documents\KA2\KA2_6.SchDoc with Resistor_0402 from Barsotion.IntLib
