Replace Part C88 Ceramic_0402 in C:\Users\Âčęňîđ\Documents\KA2\KA2_5.SchDoc with Ceramic_0402 from Barsotion.IntLib
Replace Part C89 Ceramic_0402 in C:\Users\Âčęňîđ\Documents\KA2\KA2_5.SchDoc with Ceramic_0402 from Barsotion.IntLib
Replace Part C90 Ceramic_0402 in C:\Users\Âčęňîđ\Documents\KA2\KA2_5.SchDoc with Ceramic_0402 from Barsotion.IntLib
Replace Part C91 Ceramic_0402 in C:\Users\Âčęňîđ\Documents\KA2\KA2_5.SchDoc with Ceramic_0402 from Barsotion.IntLib
Replace Part C92 Ceramic_0402 in C:\Users\Âčęňîđ\Documents\KA2\KA2_5.SchDoc with Ceramic_0402 from Barsotion.IntLib
Replace Part C93 Ceramic_0402 in C:\Users\Âčęňîđ\Documents\KA2\KA2_5.SchDoc with Ceramic_0402 from Barsotion.IntLib
Replace Part C94 Ceramic_0402 in C:\Users\Âčęňîđ\Documents\KA2\KA2_5.SchDoc with Ceramic_0402 from Barsotion.IntLib
Replace Part C95 Ceramic_0402 in C:\Users\Âčęňîđ\Documents\KA2\KA2_5.SchDoc with Ceramic_0402 from Barsotion.IntLib
Replace Part C96 Ceramic_0402 in C:\Users\Âčęňîđ\Documents\KA2\KA2_5.SchDoc with Ceramic_0402 from Barsotion.IntLib
Replace Part C97 Ceramic_0402 in C:\Users\Âčęňîđ\Documents\KA2\KA2_5.SchDoc with Ceramic_0402 from Barsotion.IntLib
Replace Part C98 Ceramic_0402 in C:\Users\Âčęňîđ\Documents\KA2\KA2_5.SchDoc with Ceramic_0402 from Barsotion.IntLib
Replace Part C99 Ceramic_0402 in C:\Users\Âčęňîđ\Documents\KA2\KA2_5.SchDoc with Ceramic_0402 from Barsotion.IntLib
Replace Part C100 Ceramic_0402 in C:\Users\Âčęňîđ\Documents\KA2\KA2_5.SchDoc with Ceramic_0402 from Barsotion.IntLib
Replace Part C101 Ceramic_0402 in C:\Users\Âčęňîđ\Documents\KA2\KA2_5.SchDoc with Ceramic_0402 from Barsotion.IntLib
Replace Part C102 Ceramic_0402 in C:\Users\Âčęňîđ\Documents\KA2\KA2_5.SchDoc with Ceramic_0402 from Barsotion.IntLib
Replace Part C103 Ceramic_0402 in C:\Users\Âčęňîđ\Documents\KA2\KA2_5.SchDoc with Ceramic_0402 from Barsotion.IntLib
Replace Part C104 Ceramic_0402 in C:\Users\Âčęňîđ\Documents\KA2\KA2_5.SchDoc with Ceramic_0402 from Barsotion.IntLib
Replace Part C105 Ceramic_0402 in C:\Users\Âčęňîđ\Documents\KA2\KA2_5.SchDoc with Ceramic_0402 from Barsotion.IntLib
Replace Part C106 Ceramic_0402 in C:\Users\Âčęňîđ\Documents\KA2\KA2_5.SchDoc with Ceramic_0402 from Barsotion.IntLib
Replace Part C107 Ceramic_0402 in C:\Users\Âčęňîđ\Documents\KA2\KA2_5.SchDoc with Ceramic_0402 from Barsotion.IntLib
Replace Part C108 Ceramic_0402 in C:\Users\Âčęňîđ\Documents\KA2\KA2_5.SchDoc with Ceramic_0402 from Barsotion.IntLib
Replace Part C109 Ceramic_0402 in C:\Users\Âčęňîđ\Documents\KA2\KA2_5.SchDoc with Ceramic_0402 from Barsotion.IntLib
Replace Part C110 Ceramic_0402 in C:\Users\Âčęňîđ\Documents\KA2\KA2_5.SchDoc with Ceramic_0402 from Barsotion.IntLib
Replace Part C111 Ceramic_0402 in C:\Users\Âčęňîđ\Documents\KA2\KA2_5.SchDoc with Ceramic_0402 from Barsotion.IntLib
Replace Part C112 Ceramic_0402 in C:\Users\Âčęňîđ\Documents\KA2\KA2_5.SchDoc with Ceramic_0402 from Barsotion.IntLib
Replace Part C113 Ceramic_0402 in C:\Users\Âčęňîđ\Documents\KA2\KA2_5.SchDoc with Ceramic_0402 from Barsotion.IntLib
Replace Part C114 Ceramic_0402 in C:\Users\Âčęňîđ\Documents\KA2\KA2_5.SchDoc with Ceramic_0402 from Barsotion.IntLib
Replace Part D10 ICM-45686 in C:\Users\Âčęňîđ\Documents\KA2\KA2_5.SchDoc with ICM-45686 from Barsotion.IntLib
Replace Part D11 S40FC004 in C:\Users\Âčęňîđ\Documents\KA2\KA2_5.SchDoc with S40FC004 from Barsotion.IntLib
Replace Part D11 S40FC004 in C:\Users\Âčęňîđ\Documents\KA2\KA2_5.SchDoc with S40FC004 from Barsotion.IntLib
Replace Part D11 S40FC004 in C:\Users\Âčęňîđ\Documents\KA2\KA2_5.SchDoc with S40FC004 from Barsotion.IntLib
Replace Part D11 S40FC004 in C:\Users\Âčęňîđ\Documents\KA2\KA2_5.SchDoc with S40FC004 from Barsotion.IntLib
Replace Part D11 S40FC004 in C:\Users\Âčęňîđ\Documents\KA2\KA2_5.SchDoc with S40FC004 from Barsotion.IntLib
Replace Part D12 ICM-45686 in C:\Users\Âčęňîđ\Documents\KA2\KA2_5.SchDoc with ICM-45686 from Barsotion.IntLib
Replace Part D13 NRF24L01P-R in C:\Users\Âčęňîđ\Documents\KA2\KA2_5.SchDoc with NRF24L01P-R from Barsotion.IntLib
Replace Part D14 OK7EL89CJI-111YLC-32.768K in C:\Users\Âčęňîđ\Documents\KA2\KA2_5.SchDoc with OK7EL89CJI-111YLC-32.768K from Barsotion.IntLib
Replace Part D15 BMP388 in C:\Users\Âčęňîđ\Documents\KA2\KA2_5.SchDoc with BMP388 from Barsotion.IntLib
Replace Part D16 SN74HC595PWR in C:\Users\Âčęňîđ\Documents\KA2\KA2_5.SchDoc with SN74HC595PWR from Barsotion.IntLib
Replace Part HL1 GS2011AG-G in C:\Users\Âčęňîđ\Documents\KA2\KA2_5.SchDoc with GS2011AG-G from Barsotion.IntLib
Replace Part L6 Inductor_0402 in C:\Users\Âčęňîđ\Documents\KA2\KA2_5.SchDoc with Inductor_0402 from Barsotion.IntLib
Replace Part L7 Inductor_0402 in C:\Users\Âčęňîđ\Documents\KA2\KA2_5.SchDoc with Inductor_0402 from Barsotion.IntLib
Replace Part L8 Inductor_0402 in C:\Users\Âčęňîđ\Documents\KA2\KA2_5.SchDoc with Inductor_0402 from Barsotion.IntLib
Replace Part R44 Resistor_0402 in C:\Users\Âčęňîđ\Documents\KA2\KA2_5.SchDoc with Resistor_0402 from Barsotion.IntLib
Replace Part R45 Resistor_0402 in C:\Users\Âčęňîđ\Documents\KA2\KA2_5.SchDoc with Resistor_0402 from Barsotion.IntLib
Replace Part R46 Resistor_0402 in C:\Users\Âčęňîđ\Documents\KA2\KA2_5.SchDoc with Resistor_0402 from Barsotion.IntLib
Replace Part R47 Resistor_0402 in C:\Users\Âčęňîđ\Documents\KA2\KA2_5.SchDoc with Resistor_0402 from Barsotion.IntLib
Replace Part R48 Resistor_0402 in C:\Users\Âčęňîđ\Documents\KA2\KA2_5.SchDoc with Resistor_0402 from Barsotion.IntLib
Replace Part R49 Resistor_0402 in C:\Users\Âčęňîđ\Documents\KA2\KA2_5.SchDoc with Resistor_0402 from Barsotion.IntLib
Replace Part R50 Resistor_0402 in C:\Users\Âčęňîđ\Documents\KA2\KA2_5.SchDoc with Resistor_0402 from Barsotion.IntLib
Replace Part R51 Resistor_0402 in C:\Users\Âčęňîđ\Documents\KA2\KA2_5.SchDoc with Resistor_0402 from Barsotion.IntLib
Replace Part R52 Resistor_0402 in C:\Users\Âčęňîđ\Documents\KA2\KA2_5.SchDoc with Resistor_0402 from Barsotion.IntLib
Replace Part R53 Resistor_0402 in C:\Users\Âčęňîđ\Documents\KA2\KA2_5.SchDoc with Resistor_0402 from Barsotion.IntLib
Replace Part R54 Resistor_0402 in C:\Users\Âčęňîđ\Documents\KA2\KA2_5.SchDoc with Resistor_0402 from Barsotion.IntLib
Replace Part R55 Resistor_0402 in C:\Users\Âčęňîđ\Documents\KA2\KA2_5.SchDoc with Resistor_0402 from Barsotion.IntLib
Replace Part R56 Resistor_0402 in C:\Users\Âčęňîđ\Documents\KA2\KA2_5.SchDoc with Resistor_0402 from Barsotion.IntLib
Replace Part R57 Resistor_0402 in C:\Users\Âčęňîđ\Documents\KA2\KA2_5.SchDoc with Resistor_0402 from Barsotion.IntLib
Replace Part R58 Resistor_0402 in C:\Users\Âčęňîđ\Documents\KA2\KA2_5.SchDoc with Resistor_0402 from Barsotion.IntLib
Replace Part R59 Resistor_0402 in C:\Users\Âčęňîđ\Documents\KA2\KA2_5.SchDoc with Resistor_0402 from Barsotion.IntLib
Replace Part R60 Resistor_0402 in C:\Users\Âčęňîđ\Documents\KA2\KA2_5.SchDoc with Resistor_0402 from Barsotion.IntLib
Replace Part R61 Resistor_0402 in C:\Users\Âčęňîđ\Documents\KA2\KA2_5.SchDoc with Resistor_0402 from Barsotion.IntLib
Replace Part R62 Resistor_0402 in C:\Users\Âčęňîđ\Documents\KA2\KA2_5.SchDoc with Resistor_0402 from Barsotion.IntLib
Replace Part R63 Resistor_0402 in C:\Users\Âčęňîđ\Documents\KA2\KA2_5.SchDoc with Resistor_0402 from Barsotion.IntLib
Replace Part R64 Resistor_0402 in C:\Users\Âčęňîđ\Documents\KA2\KA2_5.SchDoc with Resistor_0402 from Barsotion.IntLib
Replace Part R65 Resistor_0402 in C:\Users\Âčęňîđ\Documents\KA2\KA2_5.SchDoc with Resistor_0402 from Barsotion.IntLib
Replace Part R66 Resistor_0402 in C:\Users\Âčęňîđ\Documents\KA2\KA2_5.SchDoc with Resistor_0402 from Barsotion.IntLib
Replace Part Y2 Crystal_2016 in C:\Users\Âčęňîđ\Documents\KA2\KA2_5.SchDoc with Crystal_2016 from Barsotion.IntLib
