Replace Part C1 Ceramic_0402 in C:\Users\Âčęňîđ\Documents\KA2\KA2_2.SchDoc with Ceramic_0402 from Barsotion.IntLib
Replace Part C2 Ceramic_0402 in C:\Users\Âčęňîđ\Documents\KA2\KA2_2.SchDoc with Ceramic_0402 from Barsotion.IntLib
Replace Part C3 Ceramic_1206 in C:\Users\Âčęňîđ\Documents\KA2\KA2_2.SchDoc with Ceramic_1206 from Barsotion.IntLib
Replace Part C4 Ceramic_0402 in C:\Users\Âčęňîđ\Documents\KA2\KA2_2.SchDoc with Ceramic_0402 from Barsotion.IntLib
Replace Part C5 Ceramic_1206 in C:\Users\Âčęňîđ\Documents\KA2\KA2_2.SchDoc with Ceramic_1206 from Barsotion.IntLib
Replace Part C6 Ceramic_1206 in C:\Users\Âčęňîđ\Documents\KA2\KA2_2.SchDoc with Ceramic_1206 from Barsotion.IntLib
Replace Part C7 Ceramic_0402 in C:\Users\Âčęňîđ\Documents\KA2\KA2_2.SchDoc with Ceramic_0402 from Barsotion.IntLib
Replace Part C8 Ceramic_1206 in C:\Users\Âčęňîđ\Documents\KA2\KA2_2.SchDoc with Ceramic_1206 from Barsotion.IntLib
Replace Part C9 Ceramic_0402 in C:\Users\Âčęňîđ\Documents\KA2\KA2_2.SchDoc with Ceramic_0402 from Barsotion.IntLib
Replace Part C10 Ceramic_0402 in C:\Users\Âčęňîđ\Documents\KA2\KA2_2.SchDoc with Ceramic_0402 from Barsotion.IntLib
Replace Part C11 Ceramic_0402 in C:\Users\Âčęňîđ\Documents\KA2\KA2_2.SchDoc with Ceramic_0402 from Barsotion.IntLib
Replace Part C12 Ceramic_1206 in C:\Users\Âčęňîđ\Documents\KA2\KA2_2.SchDoc with Ceramic_1206 from Barsotion.IntLib
Replace Part C13 Ceramic_1206 in C:\Users\Âčęňîđ\Documents\KA2\KA2_2.SchDoc with Ceramic_1206 from Barsotion.IntLib
Replace Part C14 Ceramic_0402 in C:\Users\Âčęňîđ\Documents\KA2\KA2_2.SchDoc with Ceramic_0402 from Barsotion.IntLib
Replace Part C15 Ceramic_0402 in C:\Users\Âčęňîđ\Documents\KA2\KA2_2.SchDoc with Ceramic_0402 from Barsotion.IntLib
Replace Part C16 Ceramic_1206 in C:\Users\Âčęňîđ\Documents\KA2\KA2_2.SchDoc with Ceramic_1206 from Barsotion.IntLib
Replace Part C17 Ceramic_0402 in C:\Users\Âčęňîđ\Documents\KA2\KA2_2.SchDoc with Ceramic_0402 from Barsotion.IntLib
Replace Part C18 Ceramic_1206 in C:\Users\Âčęňîđ\Documents\KA2\KA2_2.SchDoc with Ceramic_1206 from Barsotion.IntLib
Replace Part C19 Ceramic_1206 in C:\Users\Âčęňîđ\Documents\KA2\KA2_2.SchDoc with Ceramic_1206 from Barsotion.IntLib
Replace Part C20 Ceramic_0402 in C:\Users\Âčęňîđ\Documents\KA2\KA2_2.SchDoc with Ceramic_0402 from Barsotion.IntLib
Replace Part C21 Ceramic_1206 in C:\Users\Âčęňîđ\Documents\KA2\KA2_2.SchDoc with Ceramic_1206 from Barsotion.IntLib
Replace Part C22 Ceramic_0402 in C:\Users\Âčęňîđ\Documents\KA2\KA2_2.SchDoc with Ceramic_0402 from Barsotion.IntLib
Replace Part C23 Ceramic_0402 in C:\Users\Âčęňîđ\Documents\KA2\KA2_2.SchDoc with Ceramic_0402 from Barsotion.IntLib
Replace Part C24 Ceramic_0402 in C:\Users\Âčęňîđ\Documents\KA2\KA2_2.SchDoc with Ceramic_0402 from Barsotion.IntLib
Replace Part C25 Ceramic_1206 in C:\Users\Âčęňîđ\Documents\KA2\KA2_2.SchDoc with Ceramic_1206 from Barsotion.IntLib
Replace Part C26 Ceramic_1206 in C:\Users\Âčęňîđ\Documents\KA2\KA2_2.SchDoc with Ceramic_1206 from Barsotion.IntLib
Replace Part C27 Ceramic_0402 in C:\Users\Âčęňîđ\Documents\KA2\KA2_2.SchDoc with Ceramic_0402 from Barsotion.IntLib
Replace Part C28 Ceramic_0402 in C:\Users\Âčęňîđ\Documents\KA2\KA2_2.SchDoc with Ceramic_0402 from Barsotion.IntLib
Replace Part C29 Ceramic_0402 in C:\Users\Âčęňîđ\Documents\KA2\KA2_2.SchDoc with Ceramic_0402 from Barsotion.IntLib
Replace Part C30 Ceramic_0402 in C:\Users\Âčęňîđ\Documents\KA2\KA2_2.SchDoc with Ceramic_0402 from Barsotion.IntLib
Replace Part C31 Ceramic_0402 in C:\Users\Âčęňîđ\Documents\KA2\KA2_2.SchDoc with Ceramic_0402 from Barsotion.IntLib
Replace Part C32 Ceramic_0402 in C:\Users\Âčęňîđ\Documents\KA2\KA2_2.SchDoc with Ceramic_0402 from Barsotion.IntLib
Replace Part D1 TPS61088 in C:\Users\Âčęňîđ\Documents\KA2\KA2_2.SchDoc with TPS61088 from Barsotion.IntLib
Replace Part D2 TPS61088 in C:\Users\Âčęňîđ\Documents\KA2\KA2_2.SchDoc with TPS61088 from Barsotion.IntLib
Replace Part D3 TPS63001 in C:\Users\Âčęňîđ\Documents\KA2\KA2_2.SchDoc with TPS63001 from Barsotion.IntLib
Replace Part D4 INA3221 in C:\Users\Âčęňîđ\Documents\KA2\KA2_2.SchDoc with INA3221 from Barsotion.IntLib
Replace Part L1 Inductor_SL0420-4R7M in C:\Users\Âčęňîđ\Documents\KA2\KA2_2.SchDoc with Inductor_SL0420-4R7M from Barsotion.IntLib
Replace Part L2 Inductor_SL0420-4R7M in C:\Users\Âčęňîđ\Documents\KA2\KA2_2.SchDoc with Inductor_SL0420-4R7M from Barsotion.IntLib
Replace Part L3 Inductor_SL0420-4R7M in C:\Users\Âčęňîđ\Documents\KA2\KA2_2.SchDoc with Inductor_SL0420-4R7M from Barsotion.IntLib
Replace Part R1 Resistor_0402 in C:\Users\Âčęňîđ\Documents\KA2\KA2_2.SchDoc with Resistor_0402 from Barsotion.IntLib
Replace Part R2 Resistor_0402 in C:\Users\Âčęňîđ\Documents\KA2\KA2_2.SchDoc with Resistor_0402 from Barsotion.IntLib
Replace Part R3 Resistor_0402 in C:\Users\Âčęňîđ\Documents\KA2\KA2_2.SchDoc with Resistor_0402 from Barsotion.IntLib
Replace Part R4 Resistor_0402 in C:\Users\Âčęňîđ\Documents\KA2\KA2_2.SchDoc with Resistor_0402 from Barsotion.IntLib
Replace Part R5 Resistor_0402 in C:\Users\Âčęňîđ\Documents\KA2\KA2_2.SchDoc with Resistor_0402 from Barsotion.IntLib
Replace Part R6 Resistor_0402 in C:\Users\Âčęňîđ\Documents\KA2\KA2_2.SchDoc with Resistor_0402 from Barsotion.IntLib
Replace Part R7 Resistor_0402 in C:\Users\Âčęňîđ\Documents\KA2\KA2_2.SchDoc with Resistor_0402 from Barsotion.IntLib
Replace Part R8 Resistor_0402 in C:\Users\Âčęňîđ\Documents\KA2\KA2_2.SchDoc with Resistor_0402 from Barsotion.IntLib
Replace Part R9 Resistor_0402 in C:\Users\Âčęňîđ\Documents\KA2\KA2_2.SchDoc with Resistor_0402 from Barsotion.IntLib
Replace Part R10 Resistor_0402 in C:\Users\Âčęňîđ\Documents\KA2\KA2_2.SchDoc with Resistor_0402 from Barsotion.IntLib
Replace Part R11 Resistor_0402 in C:\Users\Âčęňîđ\Documents\KA2\KA2_2.SchDoc with Resistor_0402 from Barsotion.IntLib
Replace Part R12 Resistor_0402 in C:\Users\Âčęňîđ\Documents\KA2\KA2_2.SchDoc with Resistor_0402 from Barsotion.IntLib
Replace Part R13 Resistor_0402 in C:\Users\Âčęňîđ\Documents\KA2\KA2_2.SchDoc with Resistor_0402 from Barsotion.IntLib
Replace Part R14 Resistor_0402 in C:\Users\Âčęňîđ\Documents\KA2\KA2_2.SchDoc with Resistor_0402 from Barsotion.IntLib
Replace Part R15 Resistor_1206 in C:\Users\Âčęňîđ\Documents\KA2\KA2_2.SchDoc with Resistor_1206 from Barsotion.IntLib
Replace Part R16 Resistor_1206 in C:\Users\Âčęňîđ\Documents\KA2\KA2_2.SchDoc with Resistor_1206 from Barsotion.IntLib
Replace Part R17 Resistor_0805 in C:\Users\Âčęňîđ\Documents\KA2\KA2_2.SchDoc with Resistor_0805 from Barsotion.IntLib
Replace Part R18 Resistor_0402 in C:\Users\Âčęňîđ\Documents\KA2\KA2_2.SchDoc with Resistor_0402 from Barsotion.IntLib
Replace Part R19 Resistor_1206 in C:\Users\Âčęňîđ\Documents\KA2\KA2_2.SchDoc with Resistor_1206 from Barsotion.IntLib
Replace Part VD1 D1213A-01T in C:\Users\Âčęňîđ\Documents\KA2\KA2_2.SchDoc with D1213A-01T from Barsotion.IntLib
Replace Part VD2 D1213A-01T in C:\Users\Âčęňîđ\Documents\KA2\KA2_2.SchDoc with D1213A-01T from Barsotion.IntLib
Replace Part VD3 D1213A-01T in C:\Users\Âčęňîđ\Documents\KA2\KA2_2.SchDoc with D1213A-01T from Barsotion.IntLib
Replace Part VD4 D1213A-01T in C:\Users\Âčęňîđ\Documents\KA2\KA2_2.SchDoc with D1213A-01T from Barsotion.IntLib
Replace Part VD5 D1213A-01T in C:\Users\Âčęňîđ\Documents\KA2\KA2_2.SchDoc with D1213A-01T from Barsotion.IntLib
Replace Part VD6 D1213A-01T in C:\Users\Âčęňîđ\Documents\KA2\KA2_2.SchDoc with D1213A-01T from Barsotion.IntLib
Replace Part VD7 D1213A-01T in C:\Users\Âčęňîđ\Documents\KA2\KA2_2.SchDoc with D1213A-01T from Barsotion.IntLib
Replace Part VD8 D1213A-01T in C:\Users\Âčęňîđ\Documents\KA2\KA2_2.SchDoc with D1213A-01T from Barsotion.IntLib
Replace Part VT1 TM30N03ADF in C:\Users\Âčęňîđ\Documents\KA2\KA2_2.SchDoc with TM30N03ADF from Barsotion.IntLib
Replace Part VT2 TM30N03ADF in C:\Users\Âčęňîđ\Documents\KA2\KA2_2.SchDoc with TM30N03ADF from Barsotion.IntLib
Replace Part VT3 TM30N03ADF in C:\Users\Âčęňîđ\Documents\KA2\KA2_2.SchDoc with TM30N03ADF from Barsotion.IntLib
