Removed Parameter PartNumber:RC0402JR-07100RL from Part R27
Change Value of Parameter ValueManufacturerPartNumber in Part R19 Old=Resistor, 0, ±1%, 0805 New==TypeResistor+', '+Value+', '+Tolerance+', '+Package
Change Value of Parameter ValueManufacturerPartNumber in Part R20 Old=Resistor, 0, ±1%, 0805 New==TypeResistor+', '+Value+', '+Tolerance+', '+Package
Change Value of Parameter ValueManufacturerPartNumber in Part R21 Old=Resistor, 0, ±1%, 0805 New==TypeResistor+', '+Value+', '+Tolerance+', '+Package
Change Value of Parameter ValueManufacturerPartNumber in Part R22 Old=Resistor, 0, ±1%, 0805 New==TypeResistor+', '+Value+', '+Tolerance+', '+Package
Change Value of Parameter ValueManufacturerPartNumber in Part R23 Old=#NAME? New==TypeResistor+', '+Value+', '+Tolerance+', '+Package
Change Value of Parameter ValueManufacturerPartNumber in Part R24 Old=#NAME? New==TypeResistor+', '+Value+', '+Tolerance+', '+Package
Change Value of Parameter ValueManufacturerPartNumber in Part R25 Old=#NAME? New==TypeResistor+', '+Value+', '+Tolerance+', '+Package
Change Value of Parameter ValueManufacturerPartNumber in Part R26 Old=#NAME? New==TypeResistor+', '+Value+', '+Tolerance+', '+Package
Change Value of Parameter ValueManufacturerPartNumber in Part R28 Old=#NAME? New==TypeResistor+', '+Value+', '+Tolerance+', '+Package
Change Value of Parameter ValueManufacturerPartNumber in Part R29 Old=#NAME? New==TypeResistor+', '+Value+', '+Tolerance+', '+Package
Change Value of Parameter ValueManufacturerPartNumber in Part R30 Old=#NAME? New==TypeResistor+', '+Value+', '+Tolerance+', '+Package
Change Value of Parameter ValueManufacturerPartNumber in Part R31 Old=#NAME? New==TypeResistor+', '+Value+', '+Tolerance+', '+Package
Change Value of Parameter ValueManufacturerPartNumber in Part R32 Old=Resistor, 100, ±1%, 0805 New==TypeResistor+', '+Value+', '+Tolerance+', '+Package
Change Value of Parameter ValueManufacturerPartNumber in Part R33 Old=#NAME? New==TypeResistor+', '+Value+', '+Tolerance+', '+Package
Added Parameter HelpURL= to Part R27
Added Parameter Mfr.Part= to Part R27
Added Parameter Tolerance=±1% to Part R27
Added Parameter TypeResistor=Resistor to Part R27
Added Parameter ValueManufacturerPartNumber==TypeResistor+', '+Value+', '+Tolerance+', '+Package to Part R27
Replace Symbol from R19 Resistor_0805 in C:\Users\Âčęňîđ\Documents\KA2\KA2_3.SchDoc with Resistor_0805 from Barsotion.IntLib
Replace Symbol from R20 Resistor_0805 in C:\Users\Âčęňîđ\Documents\KA2\KA2_3.SchDoc with Resistor_0805 from Barsotion.IntLib
Replace Symbol from R21 Resistor_0805 in C:\Users\Âčęňîđ\Documents\KA2\KA2_3.SchDoc with Resistor_0805 from Barsotion.IntLib
Replace Symbol from R22 Resistor_0805 in C:\Users\Âčęňîđ\Documents\KA2\KA2_3.SchDoc with Resistor_0805 from Barsotion.IntLib
Replace Symbol from R23 Resistor_0402 in C:\Users\Âčęňîđ\Documents\KA2\KA2_3.SchDoc with Resistor_0402 from Barsotion.IntLib
Replace Symbol from R24 Resistor_0402 in C:\Users\Âčęňîđ\Documents\KA2\KA2_3.SchDoc with Resistor_0402 from Barsotion.IntLib
Replace Symbol from R25 Resistor_0402 in C:\Users\Âčęňîđ\Documents\KA2\KA2_3.SchDoc with Resistor_0402 from Barsotion.IntLib
Replace Symbol from R26 Resistor_0402 in C:\Users\Âčęňîđ\Documents\KA2\KA2_3.SchDoc with Resistor_0402 from Barsotion.IntLib
Replace Symbol from R27 Resistor_0402 in C:\Users\Âčęňîđ\Documents\KA2\KA2_3.SchDoc with Resistor_0402 from Barsotion.IntLib
Replace Symbol from R28 Resistor_0402 in C:\Users\Âčęňîđ\Documents\KA2\KA2_3.SchDoc with Resistor_0402 from Barsotion.IntLib
Replace Symbol from R29 Resistor_0402 in C:\Users\Âčęňîđ\Documents\KA2\KA2_3.SchDoc with Resistor_0402 from Barsotion.IntLib
Replace Symbol from R30 Resistor_0402 in C:\Users\Âčęňîđ\Documents\KA2\KA2_3.SchDoc with Resistor_0402 from Barsotion.IntLib
Replace Symbol from R31 Resistor_0402 in C:\Users\Âčęňîđ\Documents\KA2\KA2_3.SchDoc with Resistor_0402 from Barsotion.IntLib
Replace Symbol from R32 Resistor_0805 in C:\Users\Âčęňîđ\Documents\KA2\KA2_3.SchDoc with Resistor_0805 from Barsotion.IntLib
Replace Symbol from R33 Resistor_0402 in C:\Users\Âčęňîđ\Documents\KA2\KA2_3.SchDoc with Resistor_0402 from Barsotion.IntLib
