Replace Part C33 Ceramic_0402 in C:\Users\Âčęňîđ\Documents\KA2\KA2_3.SchDoc with Ceramic_0402 from Barsotion.IntLib
Replace Part C34 Ceramic_0402 in C:\Users\Âčęňîđ\Documents\KA2\KA2_3.SchDoc with Ceramic_0402 from Barsotion.IntLib
Replace Part C35 Ceramic_0402 in C:\Users\Âčęňîđ\Documents\KA2\KA2_3.SchDoc with Ceramic_0402 from Barsotion.IntLib
Replace Part C36 Ceramic_0402 in C:\Users\Âčęňîđ\Documents\KA2\KA2_3.SchDoc with Ceramic_0402 from Barsotion.IntLib
Replace Part C37 Ceramic_0402 in C:\Users\Âčęňîđ\Documents\KA2\KA2_3.SchDoc with Ceramic_0402 from Barsotion.IntLib
Replace Part C38 Ceramic_0402 in C:\Users\Âčęňîđ\Documents\KA2\KA2_3.SchDoc with Ceramic_0402 from Barsotion.IntLib
Replace Part C39 Ceramic_0402 in C:\Users\Âčęňîđ\Documents\KA2\KA2_3.SchDoc with Ceramic_0402 from Barsotion.IntLib
Replace Part C40 Ceramic_0402 in C:\Users\Âčęňîđ\Documents\KA2\KA2_3.SchDoc with Ceramic_0402 from Barsotion.IntLib
Replace Part C41 Ceramic_0402 in C:\Users\Âčęňîđ\Documents\KA2\KA2_3.SchDoc with Ceramic_0402 from Barsotion.IntLib
Replace Part C42 Ceramic_0402 in C:\Users\Âčęňîđ\Documents\KA2\KA2_3.SchDoc with Ceramic_0402 from Barsotion.IntLib
Replace Part C43 Ceramic_0402 in C:\Users\Âčęňîđ\Documents\KA2\KA2_3.SchDoc with Ceramic_0402 from Barsotion.IntLib
Replace Part C44 Ceramic_0402 in C:\Users\Âčęňîđ\Documents\KA2\KA2_3.SchDoc with Ceramic_0402 from Barsotion.IntLib
Replace Part C45 Ceramic_0402 in C:\Users\Âčęňîđ\Documents\KA2\KA2_3.SchDoc with Ceramic_0402 from Barsotion.IntLib
Replace Part C46 Ceramic_0402 in C:\Users\Âčęňîđ\Documents\KA2\KA2_3.SchDoc with Ceramic_0402 from Barsotion.IntLib
Replace Part C49 Ceramic_0402 in C:\Users\Âčęňîđ\Documents\KA2\KA2_3.SchDoc with Ceramic_0402 from Barsotion.IntLib
Replace Part C50 Ceramic_0402 in C:\Users\Âčęňîđ\Documents\KA2\KA2_3.SchDoc with Ceramic_0402 from Barsotion.IntLib
Replace Part C51 Ceramic_0402 in C:\Users\Âčęňîđ\Documents\KA2\KA2_3.SchDoc with Ceramic_0402 from Barsotion.IntLib
Replace Part C52 Ceramic_0402 in C:\Users\Âčęňîđ\Documents\KA2\KA2_3.SchDoc with Ceramic_0402 from Barsotion.IntLib
Replace Part C53 Ceramic_0402 in C:\Users\Âčęňîđ\Documents\KA2\KA2_3.SchDoc with Ceramic_0402 from Barsotion.IntLib
Replace Part C54 Ceramic_0402 in C:\Users\Âčęňîđ\Documents\KA2\KA2_3.SchDoc with Ceramic_0402 from Barsotion.IntLib
Replace Part C55 Ceramic_0402 in C:\Users\Âčęňîđ\Documents\KA2\KA2_3.SchDoc with Ceramic_0402 from Barsotion.IntLib
Replace Part C56 Ceramic_0402 in C:\Users\Âčęňîđ\Documents\KA2\KA2_3.SchDoc with Ceramic_0402 from Barsotion.IntLib
Replace Part C57 Ceramic_0402 in C:\Users\Âčęňîđ\Documents\KA2\KA2_3.SchDoc with Ceramic_0402 from Barsotion.IntLib
Replace Part C58 Ceramic_0402 in C:\Users\Âčęňîđ\Documents\KA2\KA2_3.SchDoc with Ceramic_0402 from Barsotion.IntLib
Replace Part C59 Ceramic_0402 in C:\Users\Âčęňîđ\Documents\KA2\KA2_3.SchDoc with Ceramic_0402 from Barsotion.IntLib
Replace Part C60 Ceramic_0402 in C:\Users\Âčęňîđ\Documents\KA2\KA2_3.SchDoc with Ceramic_0402 from Barsotion.IntLib
Replace Part C61 Ceramic_0402 in C:\Users\Âčęňîđ\Documents\KA2\KA2_3.SchDoc with Ceramic_0402 from Barsotion.IntLib
Replace Part C62 Ceramic_0402 in C:\Users\Âčęňîđ\Documents\KA2\KA2_3.SchDoc with Ceramic_0402 from Barsotion.IntLib
Replace Part C63 Ceramic_0402 in C:\Users\Âčęňîđ\Documents\KA2\KA2_3.SchDoc with Ceramic_0402 from Barsotion.IntLib
Replace Part C64 Ceramic_0402 in C:\Users\Âčęňîđ\Documents\KA2\KA2_3.SchDoc with Ceramic_0402 from Barsotion.IntLib
Replace Part C65 Ceramic_0402 in C:\Users\Âčęňîđ\Documents\KA2\KA2_3.SchDoc with Ceramic_0402 from Barsotion.IntLib
Replace Part C66 Ceramic_0402 in C:\Users\Âčęňîđ\Documents\KA2\KA2_3.SchDoc with Ceramic_0402 from Barsotion.IntLib
Replace Part C67 Ceramic_0402 in C:\Users\Âčęňîđ\Documents\KA2\KA2_3.SchDoc with Ceramic_0402 from Barsotion.IntLib
Replace Part C68 Ceramic_0402 in C:\Users\Âčęňîđ\Documents\KA2\KA2_3.SchDoc with Ceramic_0402 from Barsotion.IntLib
Replace Part C69 Ceramic_0402 in C:\Users\Âčęňîđ\Documents\KA2\KA2_3.SchDoc with Ceramic_0402 from Barsotion.IntLib
Replace Part C70 Ceramic_0402 in C:\Users\Âčęňîđ\Documents\KA2\KA2_3.SchDoc with Ceramic_0402 from Barsotion.IntLib
Replace Part C71 Ceramic_0402 in C:\Users\Âčęňîđ\Documents\KA2\KA2_3.SchDoc with Ceramic_0402 from Barsotion.IntLib
Replace Part C72 Ceramic_0402 in C:\Users\Âčęňîđ\Documents\KA2\KA2_3.SchDoc with Ceramic_0402 from Barsotion.IntLib
Replace Part C73 Ceramic_0402 in C:\Users\Âčęňîđ\Documents\KA2\KA2_3.SchDoc with Ceramic_0402 from Barsotion.IntLib
Replace Part C74 Ceramic_0402 in C:\Users\Âčęňîđ\Documents\KA2\KA2_3.SchDoc with Ceramic_0402 from Barsotion.IntLib
Replace Part C75 Ceramic_0402 in C:\Users\Âčęňîđ\Documents\KA2\KA2_3.SchDoc with Ceramic_0402 from Barsotion.IntLib
Replace Part C76 Ceramic_0402 in C:\Users\Âčęňîđ\Documents\KA2\KA2_3.SchDoc with Ceramic_0402 from Barsotion.IntLib
Replace Part C77 Ceramic_0402 in C:\Users\Âčęňîđ\Documents\KA2\KA2_3.SchDoc with Ceramic_0402 from Barsotion.IntLib
Replace Part C78 Ceramic_0402 in C:\Users\Âčęňîđ\Documents\KA2\KA2_3.SchDoc with Ceramic_0402 from Barsotion.IntLib
Replace Part C79 Ceramic_0402 in C:\Users\Âčęňîđ\Documents\KA2\KA2_3.SchDoc with Ceramic_0402 from Barsotion.IntLib
Replace Part C80 Ceramic_0402 in C:\Users\Âčęňîđ\Documents\KA2\KA2_3.SchDoc with Ceramic_0402 from Barsotion.IntLib
Replace Part C81 Ceramic_0402 in C:\Users\Âčęňîđ\Documents\KA2\KA2_3.SchDoc with Ceramic_0402 from Barsotion.IntLib
Replace Part C82 Ceramic_0402 in C:\Users\Âčęňîđ\Documents\KA2\KA2_3.SchDoc with Ceramic_0402 from Barsotion.IntLib
Replace Part C83 Ceramic_0402 in C:\Users\Âčęňîđ\Documents\KA2\KA2_3.SchDoc with Ceramic_0402 from Barsotion.IntLib
Replace Part D5 HPM6754IVM2 in C:\Users\Âčęňîđ\Documents\KA2\KA2_3.SchDoc with HPM6754IVM2 from Barsotion.IntLib
Replace Part D5 HPM6754IVM2 in C:\Users\Âčęňîđ\Documents\KA2\KA2_3.SchDoc with HPM6754IVM2 from Barsotion.IntLib
Replace Part D6 USBLC6-2P6 in C:\Users\Âčęňîđ\Documents\KA2\KA2_3.SchDoc with USBLC6-2P6 from Barsotion.IntLib
Replace Part D7 TP4057 in C:\Users\Âčęňîđ\Documents\KA2\KA2_3.SchDoc with TP4057 from Barsotion.IntLib
Replace Part D8 DW01A in C:\Users\Âčęňîđ\Documents\KA2\KA2_3.SchDoc with DW01A from Barsotion.IntLib
Replace Part D9 TPL730ADJ-5TL in C:\Users\Âčęňîđ\Documents\KA2\KA2_3.SchDoc with TPL730ADJ-5TL from Barsotion.IntLib
Replace Part L4 Inductor_SL0420-4R7M in C:\Users\Âčęňîđ\Documents\KA2\KA2_3.SchDoc with Inductor_SL0420-4R7M from Barsotion.IntLib
Replace Part L5 Inductor_0603 in C:\Users\Âčęňîđ\Documents\KA2\KA2_3.SchDoc with Inductor_0603 from Barsotion.IntLib
Replace Part R20 Resistor_0805 in C:\Users\Âčęňîđ\Documents\KA2\KA2_3.SchDoc with Resistor_0805 from Barsotion.IntLib
Replace Part R21 Resistor_0805 in C:\Users\Âčęňîđ\Documents\KA2\KA2_3.SchDoc with Resistor_0805 from Barsotion.IntLib
Replace Part R22 Resistor_0805 in C:\Users\Âčęňîđ\Documents\KA2\KA2_3.SchDoc with Resistor_0805 from Barsotion.IntLib
Replace Part R23 Resistor_0805 in C:\Users\Âčęňîđ\Documents\KA2\KA2_3.SchDoc with Resistor_0805 from Barsotion.IntLib
Replace Part R24 Resistor_0402 in C:\Users\Âčęňîđ\Documents\KA2\KA2_3.SchDoc with Resistor_0402 from Barsotion.IntLib
Replace Part R25 Resistor_0402 in C:\Users\Âčęňîđ\Documents\KA2\KA2_3.SchDoc with Resistor_0402 from Barsotion.IntLib
Replace Part R26 Resistor_0402 in C:\Users\Âčęňîđ\Documents\KA2\KA2_3.SchDoc with Resistor_0402 from Barsotion.IntLib
Replace Part R27 Resistor_0402 in C:\Users\Âčęňîđ\Documents\KA2\KA2_3.SchDoc with Resistor_0402 from Barsotion.IntLib
Replace Part R29 Resistor_0402 in C:\Users\Âčęňîđ\Documents\KA2\KA2_3.SchDoc with Resistor_0402 from Barsotion.IntLib
Replace Part R30 Resistor_0402 in C:\Users\Âčęňîđ\Documents\KA2\KA2_3.SchDoc with Resistor_0402 from Barsotion.IntLib
Replace Part R31 Resistor_0402 in C:\Users\Âčęňîđ\Documents\KA2\KA2_3.SchDoc with Resistor_0402 from Barsotion.IntLib
Replace Part R32 Resistor_0402 in C:\Users\Âčęňîđ\Documents\KA2\KA2_3.SchDoc with Resistor_0402 from Barsotion.IntLib
Replace Part R33 Resistor_0402 in C:\Users\Âčęňîđ\Documents\KA2\KA2_3.SchDoc with Resistor_0402 from Barsotion.IntLib
Replace Part VD9 LED_0603_Y in C:\Users\Âčęňîđ\Documents\KA2\KA2_3.SchDoc with LED_0603_Y from Barsotion.IntLib
Replace Part VD10 LED_0603_Y in C:\Users\Âčęňîđ\Documents\KA2\KA2_3.SchDoc with LED_0603_Y from Barsotion.IntLib
Replace Part VT4 TM30N03ADF in C:\Users\Âčęňîđ\Documents\KA2\KA2_3.SchDoc with TM30N03ADF from Barsotion.IntLib
Replace Part VT5 TM30N03ADF in C:\Users\Âčęňîđ\Documents\KA2\KA2_3.SchDoc with TM30N03ADF from Barsotion.IntLib
Replace Part X10 Connector_USB_Type_C in C:\Users\Âčęňîđ\Documents\KA2\KA2_3.SchDoc with Connector_USB_Type_C from Barsotion.IntLib
