Replace Part C84 Ceramic_0402 in C:\Users\Âčęňîđ\Documents\KA2\KA2_4.SchDoc with Ceramic_0402 from Barsotion.IntLib
Replace Part C85 Ceramic_0402 in C:\Users\Âčęňîđ\Documents\KA2\KA2_4.SchDoc with Ceramic_0402 from Barsotion.IntLib
Replace Part C86 Ceramic_0402 in C:\Users\Âčęňîđ\Documents\KA2\KA2_4.SchDoc with Ceramic_0402 from Barsotion.IntLib
Replace Part C87 Ceramic_0402 in C:\Users\Âčęňîđ\Documents\KA2\KA2_4.SchDoc with Ceramic_0402 from Barsotion.IntLib
Replace Part D5 HPM6754IVM2 in C:\Users\Âčęňîđ\Documents\KA2\KA2_4.SchDoc with HPM6754IVM2 from Barsotion.IntLib
Replace Part D5 HPM6754IVM2 in C:\Users\Âčęňîđ\Documents\KA2\KA2_4.SchDoc with HPM6754IVM2 from Barsotion.IntLib
Replace Part D5 HPM6754IVM2 in C:\Users\Âčęňîđ\Documents\KA2\KA2_4.SchDoc with HPM6754IVM2 from Barsotion.IntLib
Replace Part D5 HPM6754IVM2 in C:\Users\Âčęňîđ\Documents\KA2\KA2_4.SchDoc with HPM6754IVM2 from Barsotion.IntLib
Replace Part D5 HPM6754IVM2 in C:\Users\Âčęňîđ\Documents\KA2\KA2_4.SchDoc with HPM6754IVM2 from Barsotion.IntLib
Replace Part D5 HPM6754IVM2 in C:\Users\Âčęňîđ\Documents\KA2\KA2_4.SchDoc with HPM6754IVM2 from Barsotion.IntLib
Replace Part D5 HPM6754IVM2 in C:\Users\Âčęňîđ\Documents\KA2\KA2_4.SchDoc with HPM6754IVM2 from Barsotion.IntLib
Replace Part D5 HPM6754IVM2 in C:\Users\Âčęňîđ\Documents\KA2\KA2_4.SchDoc with HPM6754IVM2 from Barsotion.IntLib
Replace Part D5 HPM6754IVM2 in C:\Users\Âčęňîđ\Documents\KA2\KA2_4.SchDoc with HPM6754IVM2 from Barsotion.IntLib
Replace Part R34 Resistor_0402 in C:\Users\Âčęňîđ\Documents\KA2\KA2_4.SchDoc with Resistor_0402 from Barsotion.IntLib
Replace Part R35 Resistor_0402 in C:\Users\Âčęňîđ\Documents\KA2\KA2_4.SchDoc with Resistor_0402 from Barsotion.IntLib
Replace Part R36 Resistor_0402 in C:\Users\Âčęňîđ\Documents\KA2\KA2_4.SchDoc with Resistor_0402 from Barsotion.IntLib
Replace Part R37 Resistor_0402 in C:\Users\Âčęňîđ\Documents\KA2\KA2_4.SchDoc with Resistor_0402 from Barsotion.IntLib
Replace Part R38 Resistor_0402 in C:\Users\Âčęňîđ\Documents\KA2\KA2_4.SchDoc with Resistor_0402 from Barsotion.IntLib
Replace Part R39 Resistor_0402 in C:\Users\Âčęňîđ\Documents\KA2\KA2_4.SchDoc with Resistor_0402 from Barsotion.IntLib
Replace Part R40 Resistor_0402 in C:\Users\Âčęňîđ\Documents\KA2\KA2_4.SchDoc with Resistor_0402 from Barsotion.IntLib
Replace Part R41 Resistor_0402 in C:\Users\Âčęňîđ\Documents\KA2\KA2_4.SchDoc with Resistor_0402 from Barsotion.IntLib
Replace Part R42 Resistor_0402 in C:\Users\Âčęňîđ\Documents\KA2\KA2_4.SchDoc with Resistor_0402 from Barsotion.IntLib
Replace Part R43 Resistor_0402 in C:\Users\Âčęňîđ\Documents\KA2\KA2_4.SchDoc with Resistor_0402 from Barsotion.IntLib
Replace Part SW1 Switch_GT-TC048D-H025-L1 in C:\Users\Âčęňîđ\Documents\KA2\KA2_4.SchDoc with Switch_GT-TC048D-H025-L1 from Barsotion.IntLib
Replace Part SW2 Switch_GT-TC048D-H025-L1 in C:\Users\Âčęňîđ\Documents\KA2\KA2_4.SchDoc with Switch_GT-TC048D-H025-L1 from Barsotion.IntLib
Replace Part SW3 Switch_GT-TC048D-H025-L1 in C:\Users\Âčęňîđ\Documents\KA2\KA2_4.SchDoc with Switch_GT-TC048D-H025-L1 from Barsotion.IntLib
Replace Part SW4 Switch_GT-TC048D-H025-L1 in C:\Users\Âčęňîđ\Documents\KA2\KA2_4.SchDoc with Switch_GT-TC048D-H025-L1 from Barsotion.IntLib
Replace Part VD11 LED_0603_Y in C:\Users\Âčęňîđ\Documents\KA2\KA2_4.SchDoc with LED_0603_Y from Barsotion.IntLib
Replace Part VD12 LED_0603_Y in C:\Users\Âčęňîđ\Documents\KA2\KA2_4.SchDoc with LED_0603_Y from Barsotion.IntLib
Replace Part VD13 LED_0603_Y in C:\Users\Âčęňîđ\Documents\KA2\KA2_4.SchDoc with LED_0603_Y from Barsotion.IntLib
Replace Part Y1 Crystal_2016 in C:\Users\Âčęňîđ\Documents\KA2\KA2_4.SchDoc with Crystal_2016 from Barsotion.IntLib
