Change Component Designator: Old Designator=C33 New Designator=C29
Change Component Designator: Old Designator=C34 New Designator=C30
Change Component Designator: Old Designator=C35 New Designator=C31
Change Component Designator: Old Designator=C36 New Designator=C32
Change Component Designator: Old Designator=C37 New Designator=C33
Change Component Designator: Old Designator=C38 New Designator=C34
Change Component Designator: Old Designator=C39 New Designator=C35
Change Component Designator: Old Designator=C40 New Designator=C36
Change Component Designator: Old Designator=C41 New Designator=C37
Change Component Designator: Old Designator=C42 New Designator=C38
Change Component Designator: Old Designator=C43 New Designator=C39
Change Component Designator: Old Designator=C44 New Designator=C40
Change Component Designator: Old Designator=C45 New Designator=C41
Change Component Designator: Old Designator=C46 New Designator=C42
Change Component Designator: Old Designator=C47 New Designator=C43
Change Component Designator: Old Designator=C48 New Designator=C44
Change Component Designator: Old Designator=C49 New Designator=C45
Change Component Designator: Old Designator=C50 New Designator=C46
Change Component Designator: Old Designator=C51 New Designator=C47
Change Component Designator: Old Designator=C52 New Designator=C48
Change Component Designator: Old Designator=C53 New Designator=C49
Change Component Designator: Old Designator=C54 New Designator=C50
Change Component Designator: Old Designator=C55 New Designator=C51
Change Component Designator: Old Designator=C56 New Designator=C52
Change Component Designator: Old Designator=C57 New Designator=C53
Change Component Designator: Old Designator=C58 New Designator=C54
Change Component Designator: Old Designator=C59 New Designator=C55
Change Component Designator: Old Designator=C60 New Designator=C56
Change Component Designator: Old Designator=C61 New Designator=C57
Change Component Designator: Old Designator=C62 New Designator=C58
Change Component Designator: Old Designator=C63 New Designator=C59
Change Component Designator: Old Designator=C64 New Designator=C60
Change Component Designator: Old Designator=C65 New Designator=C61
Change Component Designator: Old Designator=C66 New Designator=C62
Change Component Designator: Old Designator=C67 New Designator=C63
Change Component Designator: Old Designator=C68 New Designator=C64
Change Component Designator: Old Designator=C69 New Designator=C65
Change Component Designator: Old Designator=C70 New Designator=C66
Change Component Designator: Old Designator=C71 New Designator=C67
Change Component Designator: Old Designator=C72 New Designator=C68
Change Component Designator: Old Designator=C73 New Designator=C69
Change Component Designator: Old Designator=C74 New Designator=C70
Change Component Designator: Old Designator=C75 New Designator=C71
Change Component Designator: Old Designator=C76 New Designator=C72
Change Component Designator: Old Designator=C77 New Designator=C73
Change Component Designator: Old Designator=C78 New Designator=C74
Change Component Designator: Old Designator=C79 New Designator=C75
Change Component Designator: Old Designator=C80 New Designator=C79
Change Component Designator: Old Designator=C81 New Designator=C80
Change Component Designator: Old Designator=C82 New Designator=C81
Change Component Designator: Old Designator=C? New Designator=C76
Change Component Designator: Old Designator=C? New Designator=C77
Change Component Designator: Old Designator=C? New Designator=C78
Change Component Designator: Old Designator=C? New Designator=C82
Change Component Designator: Old Designator=D5 New Designator=D4
Change Component Designator: Old Designator=D5 New Designator=D4
Change Component Designator: Old Designator=D6 New Designator=D5
Change Component Designator: Old Designator=D7 New Designator=D6
Change Component Designator: Old Designator=D8 New Designator=D7
Change Component Designator: Old Designator=D? New Designator=D8
Change Component Designator: Old Designator=L4 New Designator=L3
Change Component Designator: Old Designator=L5 New Designator=L4
Change Component Designator: Old Designator=L? New Designator=L5
Change Component Designator: Old Designator=R20 New Designator=R19
Change Component Designator: Old Designator=R21 New Designator=R20
Change Component Designator: Old Designator=R22 New Designator=R21
Change Component Designator: Old Designator=R23 New Designator=R22
Change Component Designator: Old Designator=R24 New Designator=R23
Change Component Designator: Old Designator=R25 New Designator=R24
Change Component Designator: Old Designator=R26 New Designator=R25
Change Component Designator: Old Designator=R27 New Designator=R26
Change Component Designator: Old Designator=R28 New Designator=R27
Change Component Designator: Old Designator=R29 New Designator=R28
Change Component Designator: Old Designator=R30 New Designator=R29
Change Component Designator: Old Designator=R31 New Designator=R30
Change Component Designator: Old Designator=R32 New Designator=R31
Change Component Designator: Old Designator=R? New Designator=R32
Change Component Designator: Old Designator=VD9 New Designator=VD11
Change Component Designator: Old Designator=VD10 New Designator=VD12
