Replace Part BUZ1 SMD7525-16Ohm in C:\Users\Âčęňîđ\Documents\KA2\KA2_6.SchDoc with SMD7525-16Ohm from Barsotion.IntLib
Replace Part C115 Ceramic_0402 in C:\Users\Âčęňîđ\Documents\KA2\KA2_6.SchDoc with Ceramic_0402 from Barsotion.IntLib
Replace Part C116 Ceramic_0402 in C:\Users\Âčęňîđ\Documents\KA2\KA2_6.SchDoc with Ceramic_0402 from Barsotion.IntLib
Replace Part C117 Ceramic_0402 in C:\Users\Âčęňîđ\Documents\KA2\KA2_6.SchDoc with Ceramic_0402 from Barsotion.IntLib
Replace Part C118 Ceramic_0402 in C:\Users\Âčęňîđ\Documents\KA2\KA2_6.SchDoc with Ceramic_0402 from Barsotion.IntLib
Replace Part C119 Ceramic_0402 in C:\Users\Âčęňîđ\Documents\KA2\KA2_6.SchDoc with Ceramic_0402 from Barsotion.IntLib
Replace Part C120 Ceramic_0402 in C:\Users\Âčęňîđ\Documents\KA2\KA2_6.SchDoc with Ceramic_0402 from Barsotion.IntLib
Replace Part C121 Ceramic_0402 in C:\Users\Âčęňîđ\Documents\KA2\KA2_6.SchDoc with Ceramic_0402 from Barsotion.IntLib
Replace Part C122 Ceramic_0402 in C:\Users\Âčęňîđ\Documents\KA2\KA2_6.SchDoc with Ceramic_0402 from Barsotion.IntLib
Replace Part C123 Ceramic_0402 in C:\Users\Âčęňîđ\Documents\KA2\KA2_6.SchDoc with Ceramic_0402 from Barsotion.IntLib
Replace Part D17 TPL730ADJ-5TL in C:\Users\Âčęňîđ\Documents\KA2\KA2_6.SchDoc with TPL730ADJ-5TL from Barsotion.IntLib
Replace Part D18 TPL730ADJ-5TL in C:\Users\Âčęňîđ\Documents\KA2\KA2_6.SchDoc with TPL730ADJ-5TL from Barsotion.IntLib
Replace Part L9 Inductor_0603 in C:\Users\Âčęňîđ\Documents\KA2\KA2_6.SchDoc with Inductor_0603 from Barsotion.IntLib
Replace Part R67 Resistor_0402 in C:\Users\Âčęňîđ\Documents\KA2\KA2_6.SchDoc with Resistor_0402 from Barsotion.IntLib
Replace Part R68 Resistor_0402 in C:\Users\Âčęňîđ\Documents\KA2\KA2_6.SchDoc with Resistor_0402 from Barsotion.IntLib
Replace Part R69 Resistor_0402 in C:\Users\Âčęňîđ\Documents\KA2\KA2_6.SchDoc with Resistor_0402 from Barsotion.IntLib
Replace Part R70 Resistor_0402 in C:\Users\Âčęňîđ\Documents\KA2\KA2_6.SchDoc with Resistor_0402 from Barsotion.IntLib
Replace Part R71 Resistor_0402 in C:\Users\Âčęňîđ\Documents\KA2\KA2_6.SchDoc with Resistor_0402 from Barsotion.IntLib
Replace Part R72 Resistor_0402 in C:\Users\Âčęňîđ\Documents\KA2\KA2_6.SchDoc with Resistor_0402 from Barsotion.IntLib
Replace Part R73 Resistor_0402 in C:\Users\Âčęňîđ\Documents\KA2\KA2_6.SchDoc with Resistor_0402 from Barsotion.IntLib
Replace Part R74 Resistor_0402 in C:\Users\Âčęňîđ\Documents\KA2\KA2_6.SchDoc with Resistor_0402 from Barsotion.IntLib
Replace Part R75 Resistor_0402 in C:\Users\Âčęňîđ\Documents\KA2\KA2_6.SchDoc with Resistor_0402 from Barsotion.IntLib
Replace Part R76 Resistor_0402 in C:\Users\Âčęňîđ\Documents\KA2\KA2_6.SchDoc with Resistor_0402 from Barsotion.IntLib
Replace Part R77 Resistor_0402 in C:\Users\Âčęňîđ\Documents\KA2\KA2_6.SchDoc with Resistor_0402 from Barsotion.IntLib
Replace Part R78 Resistor_0402 in C:\Users\Âčęňîđ\Documents\KA2\KA2_6.SchDoc with Resistor_0402 from Barsotion.IntLib
Replace Part R79 Resistor_0402 in C:\Users\Âčęňîđ\Documents\KA2\KA2_6.SchDoc with Resistor_0402 from Barsotion.IntLib
Replace Part R80 Resistor_0402 in C:\Users\Âčęňîđ\Documents\KA2\KA2_6.SchDoc with Resistor_0402 from Barsotion.IntLib
Replace Part R81 Resistor_0402 in C:\Users\Âčęňîđ\Documents\KA2\KA2_6.SchDoc with Resistor_0402 from Barsotion.IntLib
Replace Part R82 Resistor_0402 in C:\Users\Âčęňîđ\Documents\KA2\KA2_6.SchDoc with Resistor_0402 from Barsotion.IntLib
Replace Part R83 Resistor_0402 in C:\Users\Âčęňîđ\Documents\KA2\KA2_6.SchDoc with Resistor_0402 from Barsotion.IntLib
Replace Part R84 Resistor_0402 in C:\Users\Âčęňîđ\Documents\KA2\KA2_6.SchDoc with Resistor_0402 from Barsotion.IntLib
Replace Part R85 Resistor_0402 in C:\Users\Âčęňîđ\Documents\KA2\KA2_6.SchDoc with Resistor_0402 from Barsotion.IntLib
Replace Part R86 Resistor_0402 in C:\Users\Âčęňîđ\Documents\KA2\KA2_6.SchDoc with Resistor_0402 from Barsotion.IntLib
Replace Part R87 Resistor_0402 in C:\Users\Âčęňîđ\Documents\KA2\KA2_6.SchDoc with Resistor_0402 from Barsotion.IntLib
Replace Part R88 Resistor_0402 in C:\Users\Âčęňîđ\Documents\KA2\KA2_6.SchDoc with Resistor_0402 from Barsotion.IntLib
Replace Part R89 Resistor_0402 in C:\Users\Âčęňîđ\Documents\KA2\KA2_6.SchDoc with Resistor_0402 from Barsotion.IntLib
Replace Part R90 Resistor_0402 in C:\Users\Âčęňîđ\Documents\KA2\KA2_6.SchDoc with Resistor_0402 from Barsotion.IntLib
Replace Part R91 Resistor_0402 in C:\Users\Âčęňîđ\Documents\KA2\KA2_6.SchDoc with Resistor_0402 from Barsotion.IntLib
Replace Part R92 Resistor_0402 in C:\Users\Âčęňîđ\Documents\KA2\KA2_6.SchDoc with Resistor_0402 from Barsotion.IntLib
Replace Part R93 Resistor_0402 in C:\Users\Âčęňîđ\Documents\KA2\KA2_6.SchDoc with Resistor_0402 from Barsotion.IntLib
Replace Part R94 Resistor_0402 in C:\Users\Âčęňîđ\Documents\KA2\KA2_6.SchDoc with Resistor_0402 from Barsotion.IntLib
Replace Part R95 Resistor_0402 in C:\Users\Âčęňîđ\Documents\KA2\KA2_6.SchDoc with Resistor_0402 from Barsotion.IntLib
Replace Part R96 Resistor_0402 in C:\Users\Âčęňîđ\Documents\KA2\KA2_6.SchDoc with Resistor_0402 from Barsotion.IntLib
Replace Part R97 Resistor_0402 in C:\Users\Âčęňîđ\Documents\KA2\KA2_6.SchDoc with Resistor_0402 from Barsotion.IntLib
Replace Part R98 Resistor_0402 in C:\Users\Âčęňîđ\Documents\KA2\KA2_6.SchDoc with Resistor_0402 from Barsotion.IntLib
Replace Part VD14 D1213A-01T in C:\Users\Âčęňîđ\Documents\KA2\KA2_6.SchDoc with D1213A-01T from Barsotion.IntLib
Replace Part VD15 D1213A-01T in C:\Users\Âčęňîđ\Documents\KA2\KA2_6.SchDoc with D1213A-01T from Barsotion.IntLib
Replace Part VD16 D1213A-01T in C:\Users\Âčęňîđ\Documents\KA2\KA2_6.SchDoc with D1213A-01T from Barsotion.IntLib
Replace Part VD17 D1213A-01T in C:\Users\Âčęňîđ\Documents\KA2\KA2_6.SchDoc with D1213A-01T from Barsotion.IntLib
Replace Part VD18 D1213A-01T in C:\Users\Âčęňîđ\Documents\KA2\KA2_6.SchDoc with D1213A-01T from Barsotion.IntLib
Replace Part VD19 D1213A-01T in C:\Users\Âčęňîđ\Documents\KA2\KA2_6.SchDoc with D1213A-01T from Barsotion.IntLib
Replace Part VD20 D1213A-01T in C:\Users\Âčęňîđ\Documents\KA2\KA2_6.SchDoc with D1213A-01T from Barsotion.IntLib
Replace Part VD21 D1213A-01T in C:\Users\Âčęňîđ\Documents\KA2\KA2_6.SchDoc with D1213A-01T from Barsotion.IntLib
Replace Part VD22 D1213A-01T in C:\Users\Âčęňîđ\Documents\KA2\KA2_6.SchDoc with D1213A-01T from Barsotion.IntLib
Replace Part VD? 1N4148WT in C:\Users\Âčęňîđ\Documents\KA2\KA2_6.SchDoc with 1N4148WT from Barsotion.IntLib
Replace Part VT6 2N7002 in C:\Users\Âčęňîđ\Documents\KA2\KA2_6.SchDoc with 2N7002 from Barsotion.IntLib
Replace Part VT7 2N7002 in C:\Users\Âčęňîđ\Documents\KA2\KA2_6.SchDoc with 2N7002 from Barsotion.IntLib
Replace Part VT8 2N7002 in C:\Users\Âčęňîđ\Documents\KA2\KA2_6.SchDoc with 2N7002 from Barsotion.IntLib
Replace Part X13 Connector_OV5640 in C:\Users\Âčęňîđ\Documents\KA2\KA2_6.SchDoc with Connector_OV5640 from Barsotion.IntLib
